<?xml version="1.0" encoding="utf-8" standalone="no"?>
<!--This file represents the results of running a test suite-->
<test-results name="C:\code\storyteller\src\Storyteller.Core.Testing\bin\Debug\Storyteller.Core.Testing.dll" total="149" errors="35" failures="0" not-run="0" inconclusive="0" ignored="0" skipped="0" invalid="0" date="2015-01-23" time="07:45:51">
  <environment nunit-version="2.5.10.11092" clr-version="2.0.50727.5477" os-version="Microsoft Windows NT 6.1.7601 Service Pack 1" platform="Win32NT" cwd="C:\code\storyteller" machine-name="SLV-JEREMILL01" user="jeremill" user-domain="EXTENDHEALTH" />
  <culture-info current-culture="en-US" current-uiculture="en-US" />
  <test-suite type="Assembly" name="C:\code\storyteller\src\Storyteller.Core.Testing\bin\Debug\Storyteller.Core.Testing.dll" executed="True" result="Failure" success="False" time="1.961" asserts="0">
    <results>
      <test-suite type="Namespace" name="Storyteller" executed="True" result="Failure" success="False" time="1.949" asserts="0">
        <results>
          <test-suite type="Namespace" name="Core" executed="True" result="Failure" success="False" time="1.948" asserts="0">
            <results>
              <test-suite type="Namespace" name="Testing" executed="True" result="Failure" success="False" time="1.947" asserts="0">
                <results>
                  <test-suite type="Namespace" name="Conversion" executed="True" result="Success" success="True" time="0.203" asserts="0">
                    <results>
                      <test-suite type="TestFixture" name="ConversionsTester" executed="True" result="Success" success="True" time="0.140" asserts="0">
                        <results>
                          <test-case name="Storyteller.Core.Testing.Conversion.ConversionsTester.convert_string_as_EMPTY" executed="True" result="Success" success="True" time="0.040" asserts="1" />
                          <test-case name="Storyteller.Core.Testing.Conversion.ConversionsTester.convert_string_is_passthrough_on_value" executed="True" result="Success" success="True" time="0.001" asserts="1" />
                          <test-case name="Storyteller.Core.Testing.Conversion.ConversionsTester.enumerations" executed="True" result="Success" success="True" time="0.005" asserts="1" />
                          <test-case name="Storyteller.Core.Testing.Conversion.ConversionsTester.intrinsic_types" executed="True" result="Success" success="True" time="0.022" asserts="13" />
                        </results>
                      </test-suite>
                      <test-suite type="TestFixture" name="StepValuesTester" executed="True" result="Success" success="True" time="0.053" asserts="0">
                        <results>
                          <test-case name="Storyteller.Core.Testing.Conversion.StepValuesTester.apply_ordering" executed="True" result="Success" success="True" time="0.004" asserts="6" />
                          <test-case name="Storyteller.Core.Testing.Conversion.StepValuesTester.process_delayed_runtime_converters_successfully" executed="True" result="Success" success="True" time="0.017" asserts="7" />
                          <test-case name="Storyteller.Core.Testing.Conversion.StepValuesTester.process_delayed_runtime_convertor_that_fails_with_a_null" executed="True" result="Success" success="True" time="0.015" asserts="6" />
                          <test-case name="Storyteller.Core.Testing.Conversion.StepValuesTester.process_delayed_runtime_convertor_that_fails_with_exception" executed="True" result="Success" success="True" time="0.007" asserts="6" />
                          <test-case name="Storyteller.Core.Testing.Conversion.StepValuesTester.store_and_retrieve" executed="True" result="Success" success="True" time="0.001" asserts="1" />
                        </results>
                      </test-suite>
                    </results>
                  </test-suite>
                  <test-suite type="Namespace" name="EndToEnd" executed="True" result="Failure" success="False" time="0.384" asserts="0">
                    <results>
                      <test-suite type="TestFixture" name="simplest_possible_execution" executed="True" result="Failure" success="False" time="0.383" asserts="0">
                        <results>
                          <test-case name="Storyteller.Core.Testing.EndToEnd.simplest_possible_execution.continues_on_normal_exception" executed="True" result="Error" success="False" time="0.341" asserts="0">
                            <failure>
                              <message><![CDATA[System.AggregateException : One or more errors occurred.
  ----> System.AggregateException : One or more errors occurred.
  ----> System.Reflection.TargetInvocationException : Exception has been thrown by the target of an invocation.
  ----> System.NotImplementedException : The method or operation is not implemented.]]></message>
                              <stack-trace><![CDATA[at System.Threading.Tasks.Task.Wait(Int32 millisecondsTimeout, CancellationToken cancellationToken)
at System.Threading.Tasks.Task.Wait()
at Storyteller.Core.Testing.TestingContext.get_Library() in c:\code\storyteller\src\Storyteller.Core.Testing\TestingContext.cs:line 16
at Storyteller.Core.Testing.SpecRunningContext.execute(String text) in c:\code\storyteller\src\Storyteller.Core.Testing\SpecRunningContext.cs:line 36
at Storyteller.Core.Testing.EndToEnd.simplest_possible_execution.continues_on_normal_exception() in c:\code\storyteller\src\Storyteller.Core.Testing\EndToEnd\simplest_possible_execution.cs:line 145
--AggregateException
at System.Threading.Tasks.Task`1.GetResultCore(Boolean waitCompletionNotification)
at Storyteller.Core.Model.FixtureLibrary.<CreateForAppDomain>b__2(Task`1 results) in c:\code\storyteller\src\Storyteller.Core\Model\FixtureLibrary.cs:line 60
at System.Threading.Tasks.ContinuationResultTaskFromResultTask`2.InnerInvoke()
at System.Threading.Tasks.Task.Execute()
--TargetInvocationException
at System.RuntimeTypeHandle.CreateInstance(RuntimeType type, Boolean publicOnly, Boolean noCheck, Boolean& canBeCached, RuntimeMethodHandleInternal& ctor, Boolean& bNeedSecurityCheck)
at System.RuntimeType.CreateInstanceSlow(Boolean publicOnly, Boolean skipCheckThis, Boolean fillCache, StackCrawlMark& stackMark)
at System.RuntimeType.CreateInstanceDefaultCtor(Boolean publicOnly, Boolean skipCheckThis, Boolean fillCache, StackCrawlMark& stackMark)
at System.Activator.CreateInstance(Type type, Boolean nonPublic)
at System.Activator.CreateInstance(Type type)
at Storyteller.Core.Model.FixtureLibrary.CreateCompiledFixture(CellHandling cellHandling, Type type) in c:\code\storyteller\src\Storyteller.Core\Model\FixtureLibrary.cs:line 74
at Storyteller.Core.Model.FixtureLibrary.<>c__DisplayClass5.<>c__DisplayClass7.<CreateForAppDomain>b__1() in c:\code\storyteller\src\Storyteller.Core\Model\FixtureLibrary.cs:line 52
at System.Threading.Tasks.Task`1.InnerInvoke()
at System.Threading.Tasks.Task.Execute()
--NotImplementedException
at StoryTeller.DSL.ObjectConstructionExpression`1.SetProperty(Expression`1 expression) in c:\code\storyteller\src\Storyteller.Core\DSL\ObjectConstructionExpression.cs:line 47
at Storyteller.Core.Testing.Samples.Fixtures.SetsFixture.<.ctor>b__4(ObjectConstructionExpression`1 x) in c:\code\storyteller\src\Storyteller.Core.Testing\Samples\Fixtures\SetsFixture.cs:line 84
at Storyteller.Core.Fixture.CreateObject[T](String title, Action`1 action) in c:\code\storyteller\src\Storyteller.Core\Fixture.cs:line 331
at Storyteller.Core.Fixture.CreateNewObject[T](Action`1 action) in c:\code\storyteller\src\Storyteller.Core\Fixture.cs:line 347
at Storyteller.Core.Testing.Samples.Fixtures.SetsFixture..ctor() in c:\code\storyteller\src\Storyteller.Core.Testing\Samples\Fixtures\SetsFixture.cs:line 81
]]></stack-trace>
                            </failure>
                          </test-case>
                          <test-case name="Storyteller.Core.Testing.EndToEnd.simplest_possible_execution.run_actions" executed="True" result="Error" success="False" time="0.002" asserts="0">
                            <failure>
                              <message><![CDATA[System.AggregateException : One or more errors occurred.
  ----> System.AggregateException : One or more errors occurred.
  ----> System.Reflection.TargetInvocationException : Exception has been thrown by the target of an invocation.
  ----> System.NotImplementedException : The method or operation is not implemented.]]></message>
                              <stack-trace><![CDATA[at System.Threading.Tasks.Task.Wait(Int32 millisecondsTimeout, CancellationToken cancellationToken)
at System.Threading.Tasks.Task.Wait()
at Storyteller.Core.Testing.TestingContext.get_Library() in c:\code\storyteller\src\Storyteller.Core.Testing\TestingContext.cs:line 16
at Storyteller.Core.Testing.SpecRunningContext.execute(String text) in c:\code\storyteller\src\Storyteller.Core.Testing\SpecRunningContext.cs:line 36
at Storyteller.Core.Testing.EndToEnd.simplest_possible_execution.run_actions() in c:\code\storyteller\src\Storyteller.Core.Testing\EndToEnd\simplest_possible_execution.cs:line 62
--AggregateException
at System.Threading.Tasks.Task`1.GetResultCore(Boolean waitCompletionNotification)
at Storyteller.Core.Model.FixtureLibrary.<CreateForAppDomain>b__2(Task`1 results) in c:\code\storyteller\src\Storyteller.Core\Model\FixtureLibrary.cs:line 60
at System.Threading.Tasks.ContinuationResultTaskFromResultTask`2.InnerInvoke()
at System.Threading.Tasks.Task.Execute()
--TargetInvocationException
at System.RuntimeTypeHandle.CreateInstance(RuntimeType type, Boolean publicOnly, Boolean noCheck, Boolean& canBeCached, RuntimeMethodHandleInternal& ctor, Boolean& bNeedSecurityCheck)
at System.RuntimeType.CreateInstanceSlow(Boolean publicOnly, Boolean skipCheckThis, Boolean fillCache, StackCrawlMark& stackMark)
at System.RuntimeType.CreateInstanceDefaultCtor(Boolean publicOnly, Boolean skipCheckThis, Boolean fillCache, StackCrawlMark& stackMark)
at System.Activator.CreateInstance(Type type, Boolean nonPublic)
at System.Activator.CreateInstance(Type type)
at Storyteller.Core.Model.FixtureLibrary.CreateCompiledFixture(CellHandling cellHandling, Type type) in c:\code\storyteller\src\Storyteller.Core\Model\FixtureLibrary.cs:line 74
at Storyteller.Core.Model.FixtureLibrary.<>c__DisplayClass5.<>c__DisplayClass7.<CreateForAppDomain>b__1() in c:\code\storyteller\src\Storyteller.Core\Model\FixtureLibrary.cs:line 52
at System.Threading.Tasks.Task`1.InnerInvoke()
at System.Threading.Tasks.Task.Execute()
--NotImplementedException
at StoryTeller.DSL.ObjectConstructionExpression`1.SetProperty(Expression`1 expression) in c:\code\storyteller\src\Storyteller.Core\DSL\ObjectConstructionExpression.cs:line 47
at Storyteller.Core.Testing.Samples.Fixtures.SetsFixture.<.ctor>b__4(ObjectConstructionExpression`1 x) in c:\code\storyteller\src\Storyteller.Core.Testing\Samples\Fixtures\SetsFixture.cs:line 84
at Storyteller.Core.Fixture.CreateObject[T](String title, Action`1 action) in c:\code\storyteller\src\Storyteller.Core\Fixture.cs:line 331
at Storyteller.Core.Fixture.CreateNewObject[T](Action`1 action) in c:\code\storyteller\src\Storyteller.Core\Fixture.cs:line 347
at Storyteller.Core.Testing.Samples.Fixtures.SetsFixture..ctor() in c:\code\storyteller\src\Storyteller.Core.Testing\Samples\Fixtures\SetsFixture.cs:line 81
]]></stack-trace>
                            </failure>
                          </test-case>
                          <test-case name="Storyteller.Core.Testing.EndToEnd.simplest_possible_execution.setup_and_teardown_are_called_before_and_after_nested_steps" executed="True" result="Error" success="False" time="0.002" asserts="0">
                            <failure>
                              <message><![CDATA[System.AggregateException : One or more errors occurred.
  ----> System.AggregateException : One or more errors occurred.
  ----> System.Reflection.TargetInvocationException : Exception has been thrown by the target of an invocation.
  ----> System.NotImplementedException : The method or operation is not implemented.]]></message>
                              <stack-trace><![CDATA[at System.Threading.Tasks.Task.Wait(Int32 millisecondsTimeout, CancellationToken cancellationToken)
at System.Threading.Tasks.Task.Wait()
at Storyteller.Core.Testing.TestingContext.get_Library() in c:\code\storyteller\src\Storyteller.Core.Testing\TestingContext.cs:line 16
at Storyteller.Core.Testing.SpecRunningContext.execute(String text) in c:\code\storyteller\src\Storyteller.Core.Testing\SpecRunningContext.cs:line 36
at Storyteller.Core.Testing.EndToEnd.simplest_possible_execution.setup_and_teardown_are_called_before_and_after_nested_steps() in c:\code\storyteller\src\Storyteller.Core.Testing\EndToEnd\simplest_possible_execution.cs:line 129
--AggregateException
at System.Threading.Tasks.Task`1.GetResultCore(Boolean waitCompletionNotification)
at Storyteller.Core.Model.FixtureLibrary.<CreateForAppDomain>b__2(Task`1 results) in c:\code\storyteller\src\Storyteller.Core\Model\FixtureLibrary.cs:line 60
at System.Threading.Tasks.ContinuationResultTaskFromResultTask`2.InnerInvoke()
at System.Threading.Tasks.Task.Execute()
--TargetInvocationException
at System.RuntimeTypeHandle.CreateInstance(RuntimeType type, Boolean publicOnly, Boolean noCheck, Boolean& canBeCached, RuntimeMethodHandleInternal& ctor, Boolean& bNeedSecurityCheck)
at System.RuntimeType.CreateInstanceSlow(Boolean publicOnly, Boolean skipCheckThis, Boolean fillCache, StackCrawlMark& stackMark)
at System.RuntimeType.CreateInstanceDefaultCtor(Boolean publicOnly, Boolean skipCheckThis, Boolean fillCache, StackCrawlMark& stackMark)
at System.Activator.CreateInstance(Type type, Boolean nonPublic)
at System.Activator.CreateInstance(Type type)
at Storyteller.Core.Model.FixtureLibrary.CreateCompiledFixture(CellHandling cellHandling, Type type) in c:\code\storyteller\src\Storyteller.Core\Model\FixtureLibrary.cs:line 74
at Storyteller.Core.Model.FixtureLibrary.<>c__DisplayClass5.<>c__DisplayClass7.<CreateForAppDomain>b__1() in c:\code\storyteller\src\Storyteller.Core\Model\FixtureLibrary.cs:line 52
at System.Threading.Tasks.Task`1.InnerInvoke()
at System.Threading.Tasks.Task.Execute()
--NotImplementedException
at StoryTeller.DSL.ObjectConstructionExpression`1.SetProperty(Expression`1 expression) in c:\code\storyteller\src\Storyteller.Core\DSL\ObjectConstructionExpression.cs:line 47
at Storyteller.Core.Testing.Samples.Fixtures.SetsFixture.<.ctor>b__4(ObjectConstructionExpression`1 x) in c:\code\storyteller\src\Storyteller.Core.Testing\Samples\Fixtures\SetsFixture.cs:line 84
at Storyteller.Core.Fixture.CreateObject[T](String title, Action`1 action) in c:\code\storyteller\src\Storyteller.Core\Fixture.cs:line 331
at Storyteller.Core.Fixture.CreateNewObject[T](Action`1 action) in c:\code\storyteller\src\Storyteller.Core\Fixture.cs:line 347
at Storyteller.Core.Testing.Samples.Fixtures.SetsFixture..ctor() in c:\code\storyteller\src\Storyteller.Core.Testing\Samples\Fixtures\SetsFixture.cs:line 81
]]></stack-trace>
                            </failure>
                          </test-case>
                          <test-case name="Storyteller.Core.Testing.EndToEnd.simplest_possible_execution.stop_if_setup_blows_up" executed="True" result="Error" success="False" time="0.001" asserts="0">
                            <failure>
                              <message><![CDATA[System.AggregateException : One or more errors occurred.
  ----> System.AggregateException : One or more errors occurred.
  ----> System.Reflection.TargetInvocationException : Exception has been thrown by the target of an invocation.
  ----> System.NotImplementedException : The method or operation is not implemented.]]></message>
                              <stack-trace><![CDATA[at System.Threading.Tasks.Task.Wait(Int32 millisecondsTimeout, CancellationToken cancellationToken)
at System.Threading.Tasks.Task.Wait()
at Storyteller.Core.Testing.TestingContext.get_Library() in c:\code\storyteller\src\Storyteller.Core.Testing\TestingContext.cs:line 16
at Storyteller.Core.Testing.SpecRunningContext.execute(String text) in c:\code\storyteller\src\Storyteller.Core.Testing\SpecRunningContext.cs:line 36
at Storyteller.Core.Testing.EndToEnd.simplest_possible_execution.stop_if_setup_blows_up() in c:\code\storyteller\src\Storyteller.Core.Testing\EndToEnd\simplest_possible_execution.cs:line 82
--AggregateException
at System.Threading.Tasks.Task`1.GetResultCore(Boolean waitCompletionNotification)
at Storyteller.Core.Model.FixtureLibrary.<CreateForAppDomain>b__2(Task`1 results) in c:\code\storyteller\src\Storyteller.Core\Model\FixtureLibrary.cs:line 60
at System.Threading.Tasks.ContinuationResultTaskFromResultTask`2.InnerInvoke()
at System.Threading.Tasks.Task.Execute()
--TargetInvocationException
at System.RuntimeTypeHandle.CreateInstance(RuntimeType type, Boolean publicOnly, Boolean noCheck, Boolean& canBeCached, RuntimeMethodHandleInternal& ctor, Boolean& bNeedSecurityCheck)
at System.RuntimeType.CreateInstanceSlow(Boolean publicOnly, Boolean skipCheckThis, Boolean fillCache, StackCrawlMark& stackMark)
at System.RuntimeType.CreateInstanceDefaultCtor(Boolean publicOnly, Boolean skipCheckThis, Boolean fillCache, StackCrawlMark& stackMark)
at System.Activator.CreateInstance(Type type, Boolean nonPublic)
at System.Activator.CreateInstance(Type type)
at Storyteller.Core.Model.FixtureLibrary.CreateCompiledFixture(CellHandling cellHandling, Type type) in c:\code\storyteller\src\Storyteller.Core\Model\FixtureLibrary.cs:line 74
at Storyteller.Core.Model.FixtureLibrary.<>c__DisplayClass5.<>c__DisplayClass7.<CreateForAppDomain>b__1() in c:\code\storyteller\src\Storyteller.Core\Model\FixtureLibrary.cs:line 52
at System.Threading.Tasks.Task`1.InnerInvoke()
at System.Threading.Tasks.Task.Execute()
--NotImplementedException
at StoryTeller.DSL.ObjectConstructionExpression`1.SetProperty(Expression`1 expression) in c:\code\storyteller\src\Storyteller.Core\DSL\ObjectConstructionExpression.cs:line 47
at Storyteller.Core.Testing.Samples.Fixtures.SetsFixture.<.ctor>b__4(ObjectConstructionExpression`1 x) in c:\code\storyteller\src\Storyteller.Core.Testing\Samples\Fixtures\SetsFixture.cs:line 84
at Storyteller.Core.Fixture.CreateObject[T](String title, Action`1 action) in c:\code\storyteller\src\Storyteller.Core\Fixture.cs:line 331
at Storyteller.Core.Fixture.CreateNewObject[T](Action`1 action) in c:\code\storyteller\src\Storyteller.Core\Fixture.cs:line 347
at Storyteller.Core.Testing.Samples.Fixtures.SetsFixture..ctor() in c:\code\storyteller\src\Storyteller.Core.Testing\Samples\Fixtures\SetsFixture.cs:line 81
]]></stack-trace>
                            </failure>
                          </test-case>
                          <test-case name="Storyteller.Core.Testing.EndToEnd.simplest_possible_execution.stop_if_teardown_blows_up" executed="True" result="Error" success="False" time="0.002" asserts="0">
                            <failure>
                              <message><![CDATA[System.AggregateException : One or more errors occurred.
  ----> System.AggregateException : One or more errors occurred.
  ----> System.Reflection.TargetInvocationException : Exception has been thrown by the target of an invocation.
  ----> System.NotImplementedException : The method or operation is not implemented.]]></message>
                              <stack-trace><![CDATA[at System.Threading.Tasks.Task.Wait(Int32 millisecondsTimeout, CancellationToken cancellationToken)
at System.Threading.Tasks.Task.Wait()
at Storyteller.Core.Testing.TestingContext.get_Library() in c:\code\storyteller\src\Storyteller.Core.Testing\TestingContext.cs:line 16
at Storyteller.Core.Testing.SpecRunningContext.execute(String text) in c:\code\storyteller\src\Storyteller.Core.Testing\SpecRunningContext.cs:line 36
at Storyteller.Core.Testing.EndToEnd.simplest_possible_execution.stop_if_teardown_blows_up() in c:\code\storyteller\src\Storyteller.Core.Testing\EndToEnd\simplest_possible_execution.cs:line 104
--AggregateException
at System.Threading.Tasks.Task`1.GetResultCore(Boolean waitCompletionNotification)
at Storyteller.Core.Model.FixtureLibrary.<CreateForAppDomain>b__2(Task`1 results) in c:\code\storyteller\src\Storyteller.Core\Model\FixtureLibrary.cs:line 60
at System.Threading.Tasks.ContinuationResultTaskFromResultTask`2.InnerInvoke()
at System.Threading.Tasks.Task.Execute()
--TargetInvocationException
at System.RuntimeTypeHandle.CreateInstance(RuntimeType type, Boolean publicOnly, Boolean noCheck, Boolean& canBeCached, RuntimeMethodHandleInternal& ctor, Boolean& bNeedSecurityCheck)
at System.RuntimeType.CreateInstanceSlow(Boolean publicOnly, Boolean skipCheckThis, Boolean fillCache, StackCrawlMark& stackMark)
at System.RuntimeType.CreateInstanceDefaultCtor(Boolean publicOnly, Boolean skipCheckThis, Boolean fillCache, StackCrawlMark& stackMark)
at System.Activator.CreateInstance(Type type, Boolean nonPublic)
at System.Activator.CreateInstance(Type type)
at Storyteller.Core.Model.FixtureLibrary.CreateCompiledFixture(CellHandling cellHandling, Type type) in c:\code\storyteller\src\Storyteller.Core\Model\FixtureLibrary.cs:line 74
at Storyteller.Core.Model.FixtureLibrary.<>c__DisplayClass5.<>c__DisplayClass7.<CreateForAppDomain>b__1() in c:\code\storyteller\src\Storyteller.Core\Model\FixtureLibrary.cs:line 52
at System.Threading.Tasks.Task`1.InnerInvoke()
at System.Threading.Tasks.Task.Execute()
--NotImplementedException
at StoryTeller.DSL.ObjectConstructionExpression`1.SetProperty(Expression`1 expression) in c:\code\storyteller\src\Storyteller.Core\DSL\ObjectConstructionExpression.cs:line 47
at Storyteller.Core.Testing.Samples.Fixtures.SetsFixture.<.ctor>b__4(ObjectConstructionExpression`1 x) in c:\code\storyteller\src\Storyteller.Core.Testing\Samples\Fixtures\SetsFixture.cs:line 84
at Storyteller.Core.Fixture.CreateObject[T](String title, Action`1 action) in c:\code\storyteller\src\Storyteller.Core\Fixture.cs:line 331
at Storyteller.Core.Fixture.CreateNewObject[T](Action`1 action) in c:\code\storyteller\src\Storyteller.Core\Fixture.cs:line 347
at Storyteller.Core.Testing.Samples.Fixtures.SetsFixture..ctor() in c:\code\storyteller\src\Storyteller.Core.Testing\Samples\Fixtures\SetsFixture.cs:line 81
]]></stack-trace>
                            </failure>
                          </test-case>
                          <test-case name="Storyteller.Core.Testing.EndToEnd.simplest_possible_execution.would_stop_on_a_catastrophic_exception" executed="True" result="Error" success="False" time="0.002" asserts="0">
                            <failure>
                              <message><![CDATA[System.AggregateException : One or more errors occurred.
  ----> System.AggregateException : One or more errors occurred.
  ----> System.Reflection.TargetInvocationException : Exception has been thrown by the target of an invocation.
  ----> System.NotImplementedException : The method or operation is not implemented.]]></message>
                              <stack-trace><![CDATA[at System.Threading.Tasks.Task.Wait(Int32 millisecondsTimeout, CancellationToken cancellationToken)
at System.Threading.Tasks.Task.Wait()
at Storyteller.Core.Testing.TestingContext.get_Library() in c:\code\storyteller\src\Storyteller.Core.Testing\TestingContext.cs:line 16
at Storyteller.Core.Testing.SpecRunningContext.execute(String text) in c:\code\storyteller\src\Storyteller.Core.Testing\SpecRunningContext.cs:line 36
at Storyteller.Core.Testing.EndToEnd.simplest_possible_execution.would_stop_on_a_catastrophic_exception() in c:\code\storyteller\src\Storyteller.Core.Testing\EndToEnd\simplest_possible_execution.cs:line 180
--AggregateException
at System.Threading.Tasks.Task`1.GetResultCore(Boolean waitCompletionNotification)
at Storyteller.Core.Model.FixtureLibrary.<CreateForAppDomain>b__2(Task`1 results) in c:\code\storyteller\src\Storyteller.Core\Model\FixtureLibrary.cs:line 60
at System.Threading.Tasks.ContinuationResultTaskFromResultTask`2.InnerInvoke()
at System.Threading.Tasks.Task.Execute()
--TargetInvocationException
at System.RuntimeTypeHandle.CreateInstance(RuntimeType type, Boolean publicOnly, Boolean noCheck, Boolean& canBeCached, RuntimeMethodHandleInternal& ctor, Boolean& bNeedSecurityCheck)
at System.RuntimeType.CreateInstanceSlow(Boolean publicOnly, Boolean skipCheckThis, Boolean fillCache, StackCrawlMark& stackMark)
at System.RuntimeType.CreateInstanceDefaultCtor(Boolean publicOnly, Boolean skipCheckThis, Boolean fillCache, StackCrawlMark& stackMark)
at System.Activator.CreateInstance(Type type, Boolean nonPublic)
at System.Activator.CreateInstance(Type type)
at Storyteller.Core.Model.FixtureLibrary.CreateCompiledFixture(CellHandling cellHandling, Type type) in c:\code\storyteller\src\Storyteller.Core\Model\FixtureLibrary.cs:line 74
at Storyteller.Core.Model.FixtureLibrary.<>c__DisplayClass5.<>c__DisplayClass7.<CreateForAppDomain>b__1() in c:\code\storyteller\src\Storyteller.Core\Model\FixtureLibrary.cs:line 52
at System.Threading.Tasks.Task`1.InnerInvoke()
at System.Threading.Tasks.Task.Execute()
--NotImplementedException
at StoryTeller.DSL.ObjectConstructionExpression`1.SetProperty(Expression`1 expression) in c:\code\storyteller\src\Storyteller.Core\DSL\ObjectConstructionExpression.cs:line 47
at Storyteller.Core.Testing.Samples.Fixtures.SetsFixture.<.ctor>b__4(ObjectConstructionExpression`1 x) in c:\code\storyteller\src\Storyteller.Core.Testing\Samples\Fixtures\SetsFixture.cs:line 84
at Storyteller.Core.Fixture.CreateObject[T](String title, Action`1 action) in c:\code\storyteller\src\Storyteller.Core\Fixture.cs:line 331
at Storyteller.Core.Fixture.CreateNewObject[T](Action`1 action) in c:\code\storyteller\src\Storyteller.Core\Fixture.cs:line 347
at Storyteller.Core.Testing.Samples.Fixtures.SetsFixture..ctor() in c:\code\storyteller\src\Storyteller.Core.Testing\Samples\Fixtures\SetsFixture.cs:line 81
]]></stack-trace>
                            </failure>
                          </test-case>
                          <test-case name="Storyteller.Core.Testing.EndToEnd.simplest_possible_execution.would_stop_on_a_critical_exception" executed="True" result="Error" success="False" time="0.002" asserts="0">
                            <failure>
                              <message><![CDATA[System.AggregateException : One or more errors occurred.
  ----> System.AggregateException : One or more errors occurred.
  ----> System.Reflection.TargetInvocationException : Exception has been thrown by the target of an invocation.
  ----> System.NotImplementedException : The method or operation is not implemented.]]></message>
                              <stack-trace><![CDATA[at System.Threading.Tasks.Task.Wait(Int32 millisecondsTimeout, CancellationToken cancellationToken)
at System.Threading.Tasks.Task.Wait()
at Storyteller.Core.Testing.TestingContext.get_Library() in c:\code\storyteller\src\Storyteller.Core.Testing\TestingContext.cs:line 16
at Storyteller.Core.Testing.SpecRunningContext.execute(String text) in c:\code\storyteller\src\Storyteller.Core.Testing\SpecRunningContext.cs:line 36
at Storyteller.Core.Testing.EndToEnd.simplest_possible_execution.would_stop_on_a_critical_exception() in c:\code\storyteller\src\Storyteller.Core.Testing\EndToEnd\simplest_possible_execution.cs:line 162
--AggregateException
at System.Threading.Tasks.Task`1.GetResultCore(Boolean waitCompletionNotification)
at Storyteller.Core.Model.FixtureLibrary.<CreateForAppDomain>b__2(Task`1 results) in c:\code\storyteller\src\Storyteller.Core\Model\FixtureLibrary.cs:line 60
at System.Threading.Tasks.ContinuationResultTaskFromResultTask`2.InnerInvoke()
at System.Threading.Tasks.Task.Execute()
--TargetInvocationException
at System.RuntimeTypeHandle.CreateInstance(RuntimeType type, Boolean publicOnly, Boolean noCheck, Boolean& canBeCached, RuntimeMethodHandleInternal& ctor, Boolean& bNeedSecurityCheck)
at System.RuntimeType.CreateInstanceSlow(Boolean publicOnly, Boolean skipCheckThis, Boolean fillCache, StackCrawlMark& stackMark)
at System.RuntimeType.CreateInstanceDefaultCtor(Boolean publicOnly, Boolean skipCheckThis, Boolean fillCache, StackCrawlMark& stackMark)
at System.Activator.CreateInstance(Type type, Boolean nonPublic)
at System.Activator.CreateInstance(Type type)
at Storyteller.Core.Model.FixtureLibrary.CreateCompiledFixture(CellHandling cellHandling, Type type) in c:\code\storyteller\src\Storyteller.Core\Model\FixtureLibrary.cs:line 74
at Storyteller.Core.Model.FixtureLibrary.<>c__DisplayClass5.<>c__DisplayClass7.<CreateForAppDomain>b__1() in c:\code\storyteller\src\Storyteller.Core\Model\FixtureLibrary.cs:line 52
at System.Threading.Tasks.Task`1.InnerInvoke()
at System.Threading.Tasks.Task.Execute()
--NotImplementedException
at StoryTeller.DSL.ObjectConstructionExpression`1.SetProperty(Expression`1 expression) in c:\code\storyteller\src\Storyteller.Core\DSL\ObjectConstructionExpression.cs:line 47
at Storyteller.Core.Testing.Samples.Fixtures.SetsFixture.<.ctor>b__4(ObjectConstructionExpression`1 x) in c:\code\storyteller\src\Storyteller.Core.Testing\Samples\Fixtures\SetsFixture.cs:line 84
at Storyteller.Core.Fixture.CreateObject[T](String title, Action`1 action) in c:\code\storyteller\src\Storyteller.Core\Fixture.cs:line 331
at Storyteller.Core.Fixture.CreateNewObject[T](Action`1 action) in c:\code\storyteller\src\Storyteller.Core\Fixture.cs:line 347
at Storyteller.Core.Testing.Samples.Fixtures.SetsFixture..ctor() in c:\code\storyteller\src\Storyteller.Core.Testing\Samples\Fixtures\SetsFixture.cs:line 81
]]></stack-trace>
                            </failure>
                          </test-case>
                        </results>
                      </test-suite>
                    </results>
                  </test-suite>
                  <test-suite type="Namespace" name="EndToEndExecution" executed="True" result="Failure" success="False" time="0.083" asserts="0">
                    <results>
                      <test-suite type="TestFixture" name="fixture_check_method_specs" executed="True" result="Failure" success="False" time="0.019" asserts="0">
                        <results>
                          <test-case name="Storyteller.Core.Testing.EndToEndExecution.fixture_check_method_specs.build_grammar" executed="True" result="Error" success="False" time="0.003" asserts="0">
                            <failure>
                              <message><![CDATA[System.AggregateException : One or more errors occurred.
  ----> System.AggregateException : One or more errors occurred.
  ----> System.Reflection.TargetInvocationException : Exception has been thrown by the target of an invocation.
  ----> System.NotImplementedException : The method or operation is not implemented.]]></message>
                              <stack-trace><![CDATA[at System.Threading.Tasks.Task.Wait(Int32 millisecondsTimeout, CancellationToken cancellationToken)
at System.Threading.Tasks.Task.Wait()
at Storyteller.Core.Testing.TestingContext.get_Library() in c:\code\storyteller\src\Storyteller.Core.Testing\TestingContext.cs:line 16
at Storyteller.Core.Testing.SpecRunningContext.ModelFor[T](String fixtureName, String grammarName) in c:\code\storyteller\src\Storyteller.Core.Testing\SpecRunningContext.cs:line 76
at Storyteller.Core.Testing.EndToEndExecution.fixture_check_method_specs.build_grammar() in c:\code\storyteller\src\Storyteller.Core.Testing\EndToEndExecution\fixture_check_method_specs.cs:line 43
--AggregateException
at System.Threading.Tasks.Task`1.GetResultCore(Boolean waitCompletionNotification)
at Storyteller.Core.Model.FixtureLibrary.<CreateForAppDomain>b__2(Task`1 results) in c:\code\storyteller\src\Storyteller.Core\Model\FixtureLibrary.cs:line 60
at System.Threading.Tasks.ContinuationResultTaskFromResultTask`2.InnerInvoke()
at System.Threading.Tasks.Task.Execute()
--TargetInvocationException
at System.RuntimeTypeHandle.CreateInstance(RuntimeType type, Boolean publicOnly, Boolean noCheck, Boolean& canBeCached, RuntimeMethodHandleInternal& ctor, Boolean& bNeedSecurityCheck)
at System.RuntimeType.CreateInstanceSlow(Boolean publicOnly, Boolean skipCheckThis, Boolean fillCache, StackCrawlMark& stackMark)
at System.RuntimeType.CreateInstanceDefaultCtor(Boolean publicOnly, Boolean skipCheckThis, Boolean fillCache, StackCrawlMark& stackMark)
at System.Activator.CreateInstance(Type type, Boolean nonPublic)
at System.Activator.CreateInstance(Type type)
at Storyteller.Core.Model.FixtureLibrary.CreateCompiledFixture(CellHandling cellHandling, Type type) in c:\code\storyteller\src\Storyteller.Core\Model\FixtureLibrary.cs:line 74
at Storyteller.Core.Model.FixtureLibrary.<>c__DisplayClass5.<>c__DisplayClass7.<CreateForAppDomain>b__1() in c:\code\storyteller\src\Storyteller.Core\Model\FixtureLibrary.cs:line 52
at System.Threading.Tasks.Task`1.InnerInvoke()
at System.Threading.Tasks.Task.Execute()
--NotImplementedException
at StoryTeller.DSL.ObjectConstructionExpression`1.SetProperty(Expression`1 expression) in c:\code\storyteller\src\Storyteller.Core\DSL\ObjectConstructionExpression.cs:line 47
at Storyteller.Core.Testing.Samples.Fixtures.SetsFixture.<.ctor>b__4(ObjectConstructionExpression`1 x) in c:\code\storyteller\src\Storyteller.Core.Testing\Samples\Fixtures\SetsFixture.cs:line 84
at Storyteller.Core.Fixture.CreateObject[T](String title, Action`1 action) in c:\code\storyteller\src\Storyteller.Core\Fixture.cs:line 331
at Storyteller.Core.Fixture.CreateNewObject[T](Action`1 action) in c:\code\storyteller\src\Storyteller.Core\Fixture.cs:line 347
at Storyteller.Core.Testing.Samples.Fixtures.SetsFixture..ctor() in c:\code\storyteller\src\Storyteller.Core.Testing\Samples\Fixtures\SetsFixture.cs:line 81
]]></stack-trace>
                            </failure>
                          </test-case>
                          <test-case name="Storyteller.Core.Testing.EndToEndExecution.fixture_check_method_specs.check_against_context" executed="True" result="Error" success="False" time="0.002" asserts="0">
                            <failure>
                              <message><![CDATA[System.AggregateException : One or more errors occurred.
  ----> System.AggregateException : One or more errors occurred.
  ----> System.Reflection.TargetInvocationException : Exception has been thrown by the target of an invocation.
  ----> System.NotImplementedException : The method or operation is not implemented.]]></message>
                              <stack-trace><![CDATA[at System.Threading.Tasks.Task.Wait(Int32 millisecondsTimeout, CancellationToken cancellationToken)
at System.Threading.Tasks.Task.Wait()
at Storyteller.Core.Testing.TestingContext.get_Library() in c:\code\storyteller\src\Storyteller.Core.Testing\TestingContext.cs:line 16
at Storyteller.Core.Testing.SpecRunningContext.execute(String text) in c:\code\storyteller\src\Storyteller.Core.Testing\SpecRunningContext.cs:line 36
at Storyteller.Core.Testing.EndToEndExecution.fixture_check_method_specs.check_against_context() in c:\code\storyteller\src\Storyteller.Core.Testing\EndToEndExecution\fixture_check_method_specs.cs:line 28
--AggregateException
at System.Threading.Tasks.Task`1.GetResultCore(Boolean waitCompletionNotification)
at Storyteller.Core.Model.FixtureLibrary.<CreateForAppDomain>b__2(Task`1 results) in c:\code\storyteller\src\Storyteller.Core\Model\FixtureLibrary.cs:line 60
at System.Threading.Tasks.ContinuationResultTaskFromResultTask`2.InnerInvoke()
at System.Threading.Tasks.Task.Execute()
--TargetInvocationException
at System.RuntimeTypeHandle.CreateInstance(RuntimeType type, Boolean publicOnly, Boolean noCheck, Boolean& canBeCached, RuntimeMethodHandleInternal& ctor, Boolean& bNeedSecurityCheck)
at System.RuntimeType.CreateInstanceSlow(Boolean publicOnly, Boolean skipCheckThis, Boolean fillCache, StackCrawlMark& stackMark)
at System.RuntimeType.CreateInstanceDefaultCtor(Boolean publicOnly, Boolean skipCheckThis, Boolean fillCache, StackCrawlMark& stackMark)
at System.Activator.CreateInstance(Type type, Boolean nonPublic)
at System.Activator.CreateInstance(Type type)
at Storyteller.Core.Model.FixtureLibrary.CreateCompiledFixture(CellHandling cellHandling, Type type) in c:\code\storyteller\src\Storyteller.Core\Model\FixtureLibrary.cs:line 74
at Storyteller.Core.Model.FixtureLibrary.<>c__DisplayClass5.<>c__DisplayClass7.<CreateForAppDomain>b__1() in c:\code\storyteller\src\Storyteller.Core\Model\FixtureLibrary.cs:line 52
at System.Threading.Tasks.Task`1.InnerInvoke()
at System.Threading.Tasks.Task.Execute()
--NotImplementedException
at StoryTeller.DSL.ObjectConstructionExpression`1.SetProperty(Expression`1 expression) in c:\code\storyteller\src\Storyteller.Core\DSL\ObjectConstructionExpression.cs:line 47
at Storyteller.Core.Testing.Samples.Fixtures.SetsFixture.<.ctor>b__4(ObjectConstructionExpression`1 x) in c:\code\storyteller\src\Storyteller.Core.Testing\Samples\Fixtures\SetsFixture.cs:line 84
at Storyteller.Core.Fixture.CreateObject[T](String title, Action`1 action) in c:\code\storyteller\src\Storyteller.Core\Fixture.cs:line 331
at Storyteller.Core.Fixture.CreateNewObject[T](Action`1 action) in c:\code\storyteller\src\Storyteller.Core\Fixture.cs:line 347
at Storyteller.Core.Testing.Samples.Fixtures.SetsFixture..ctor() in c:\code\storyteller\src\Storyteller.Core.Testing\Samples\Fixtures\SetsFixture.cs:line 81
]]></stack-trace>
                            </failure>
                          </test-case>
                          <test-case name="Storyteller.Core.Testing.EndToEndExecution.fixture_check_method_specs.check_simple" executed="True" result="Error" success="False" time="0.002" asserts="0">
                            <failure>
                              <message><![CDATA[System.AggregateException : One or more errors occurred.
  ----> System.AggregateException : One or more errors occurred.
  ----> System.Reflection.TargetInvocationException : Exception has been thrown by the target of an invocation.
  ----> System.NotImplementedException : The method or operation is not implemented.]]></message>
                              <stack-trace><![CDATA[at System.Threading.Tasks.Task.Wait(Int32 millisecondsTimeout, CancellationToken cancellationToken)
at System.Threading.Tasks.Task.Wait()
at Storyteller.Core.Testing.TestingContext.get_Library() in c:\code\storyteller\src\Storyteller.Core.Testing\TestingContext.cs:line 16
at Storyteller.Core.Testing.SpecRunningContext.execute(String text) in c:\code\storyteller\src\Storyteller.Core.Testing\SpecRunningContext.cs:line 36
at Storyteller.Core.Testing.EndToEndExecution.fixture_check_method_specs.check_simple() in c:\code\storyteller\src\Storyteller.Core.Testing\EndToEndExecution\fixture_check_method_specs.cs:line 14
--AggregateException
at System.Threading.Tasks.Task`1.GetResultCore(Boolean waitCompletionNotification)
at Storyteller.Core.Model.FixtureLibrary.<CreateForAppDomain>b__2(Task`1 results) in c:\code\storyteller\src\Storyteller.Core\Model\FixtureLibrary.cs:line 60
at System.Threading.Tasks.ContinuationResultTaskFromResultTask`2.InnerInvoke()
at System.Threading.Tasks.Task.Execute()
--TargetInvocationException
at System.RuntimeTypeHandle.CreateInstance(RuntimeType type, Boolean publicOnly, Boolean noCheck, Boolean& canBeCached, RuntimeMethodHandleInternal& ctor, Boolean& bNeedSecurityCheck)
at System.RuntimeType.CreateInstanceSlow(Boolean publicOnly, Boolean skipCheckThis, Boolean fillCache, StackCrawlMark& stackMark)
at System.RuntimeType.CreateInstanceDefaultCtor(Boolean publicOnly, Boolean skipCheckThis, Boolean fillCache, StackCrawlMark& stackMark)
at System.Activator.CreateInstance(Type type, Boolean nonPublic)
at System.Activator.CreateInstance(Type type)
at Storyteller.Core.Model.FixtureLibrary.CreateCompiledFixture(CellHandling cellHandling, Type type) in c:\code\storyteller\src\Storyteller.Core\Model\FixtureLibrary.cs:line 74
at Storyteller.Core.Model.FixtureLibrary.<>c__DisplayClass5.<>c__DisplayClass7.<CreateForAppDomain>b__1() in c:\code\storyteller\src\Storyteller.Core\Model\FixtureLibrary.cs:line 52
at System.Threading.Tasks.Task`1.InnerInvoke()
at System.Threading.Tasks.Task.Execute()
--NotImplementedException
at StoryTeller.DSL.ObjectConstructionExpression`1.SetProperty(Expression`1 expression) in c:\code\storyteller\src\Storyteller.Core\DSL\ObjectConstructionExpression.cs:line 47
at Storyteller.Core.Testing.Samples.Fixtures.SetsFixture.<.ctor>b__4(ObjectConstructionExpression`1 x) in c:\code\storyteller\src\Storyteller.Core.Testing\Samples\Fixtures\SetsFixture.cs:line 84
at Storyteller.Core.Fixture.CreateObject[T](String title, Action`1 action) in c:\code\storyteller\src\Storyteller.Core\Fixture.cs:line 331
at Storyteller.Core.Fixture.CreateNewObject[T](Action`1 action) in c:\code\storyteller\src\Storyteller.Core\Fixture.cs:line 347
at Storyteller.Core.Testing.Samples.Fixtures.SetsFixture..ctor() in c:\code\storyteller\src\Storyteller.Core.Testing\Samples\Fixtures\SetsFixture.cs:line 81
]]></stack-trace>
                            </failure>
                          </test-case>
                        </results>
                      </test-suite>
                      <test-suite type="TestFixture" name="fixture_do_method_specs" executed="True" result="Failure" success="False" time="0.021" asserts="0">
                        <results>
                          <test-case name="Storyteller.Core.Testing.EndToEndExecution.fixture_do_method_specs.action_grammar_of_T_can_build_grammar_model" executed="True" result="Error" success="False" time="0.001" asserts="0">
                            <failure>
                              <message><![CDATA[System.AggregateException : One or more errors occurred.
  ----> System.AggregateException : One or more errors occurred.
  ----> System.Reflection.TargetInvocationException : Exception has been thrown by the target of an invocation.
  ----> System.NotImplementedException : The method or operation is not implemented.]]></message>
                              <stack-trace><![CDATA[at System.Threading.Tasks.Task.Wait(Int32 millisecondsTimeout, CancellationToken cancellationToken)
at System.Threading.Tasks.Task.Wait()
at Storyteller.Core.Testing.TestingContext.get_Library() in c:\code\storyteller\src\Storyteller.Core.Testing\TestingContext.cs:line 16
at Storyteller.Core.Testing.SpecRunningContext.ModelFor[T](String fixtureName, String grammarName) in c:\code\storyteller\src\Storyteller.Core.Testing\SpecRunningContext.cs:line 76
at Storyteller.Core.Testing.EndToEndExecution.fixture_do_method_specs.action_grammar_of_T_can_build_grammar_model() in c:\code\storyteller\src\Storyteller.Core.Testing\EndToEndExecution\fixture_do_method_specs.cs:line 62
--AggregateException
at System.Threading.Tasks.Task`1.GetResultCore(Boolean waitCompletionNotification)
at Storyteller.Core.Model.FixtureLibrary.<CreateForAppDomain>b__2(Task`1 results) in c:\code\storyteller\src\Storyteller.Core\Model\FixtureLibrary.cs:line 60
at System.Threading.Tasks.ContinuationResultTaskFromResultTask`2.InnerInvoke()
at System.Threading.Tasks.Task.Execute()
--TargetInvocationException
at System.RuntimeTypeHandle.CreateInstance(RuntimeType type, Boolean publicOnly, Boolean noCheck, Boolean& canBeCached, RuntimeMethodHandleInternal& ctor, Boolean& bNeedSecurityCheck)
at System.RuntimeType.CreateInstanceSlow(Boolean publicOnly, Boolean skipCheckThis, Boolean fillCache, StackCrawlMark& stackMark)
at System.RuntimeType.CreateInstanceDefaultCtor(Boolean publicOnly, Boolean skipCheckThis, Boolean fillCache, StackCrawlMark& stackMark)
at System.Activator.CreateInstance(Type type, Boolean nonPublic)
at System.Activator.CreateInstance(Type type)
at Storyteller.Core.Model.FixtureLibrary.CreateCompiledFixture(CellHandling cellHandling, Type type) in c:\code\storyteller\src\Storyteller.Core\Model\FixtureLibrary.cs:line 74
at Storyteller.Core.Model.FixtureLibrary.<>c__DisplayClass5.<>c__DisplayClass7.<CreateForAppDomain>b__1() in c:\code\storyteller\src\Storyteller.Core\Model\FixtureLibrary.cs:line 52
at System.Threading.Tasks.Task`1.InnerInvoke()
at System.Threading.Tasks.Task.Execute()
--NotImplementedException
at StoryTeller.DSL.ObjectConstructionExpression`1.SetProperty(Expression`1 expression) in c:\code\storyteller\src\Storyteller.Core\DSL\ObjectConstructionExpression.cs:line 47
at Storyteller.Core.Testing.Samples.Fixtures.SetsFixture.<.ctor>b__4(ObjectConstructionExpression`1 x) in c:\code\storyteller\src\Storyteller.Core.Testing\Samples\Fixtures\SetsFixture.cs:line 84
at Storyteller.Core.Fixture.CreateObject[T](String title, Action`1 action) in c:\code\storyteller\src\Storyteller.Core\Fixture.cs:line 331
at Storyteller.Core.Fixture.CreateNewObject[T](Action`1 action) in c:\code\storyteller\src\Storyteller.Core\Fixture.cs:line 347
at Storyteller.Core.Testing.Samples.Fixtures.SetsFixture..ctor() in c:\code\storyteller\src\Storyteller.Core.Testing\Samples\Fixtures\SetsFixture.cs:line 81
]]></stack-trace>
                            </failure>
                          </test-case>
                          <test-case name="Storyteller.Core.Testing.EndToEndExecution.fixture_do_method_specs.run_do_with_argument" executed="True" result="Error" success="False" time="0.001" asserts="0">
                            <failure>
                              <message><![CDATA[System.AggregateException : One or more errors occurred.
  ----> System.AggregateException : One or more errors occurred.
  ----> System.Reflection.TargetInvocationException : Exception has been thrown by the target of an invocation.
  ----> System.NotImplementedException : The method or operation is not implemented.]]></message>
                              <stack-trace><![CDATA[at System.Threading.Tasks.Task.Wait(Int32 millisecondsTimeout, CancellationToken cancellationToken)
at System.Threading.Tasks.Task.Wait()
at Storyteller.Core.Testing.TestingContext.get_Library() in c:\code\storyteller\src\Storyteller.Core.Testing\TestingContext.cs:line 16
at Storyteller.Core.Testing.SpecRunningContext.execute(String text) in c:\code\storyteller\src\Storyteller.Core.Testing\SpecRunningContext.cs:line 36
at Storyteller.Core.Testing.EndToEndExecution.fixture_do_method_specs.run_do_with_argument() in c:\code\storyteller\src\Storyteller.Core.Testing\EndToEndExecution\fixture_do_method_specs.cs:line 17
--AggregateException
at System.Threading.Tasks.Task`1.GetResultCore(Boolean waitCompletionNotification)
at Storyteller.Core.Model.FixtureLibrary.<CreateForAppDomain>b__2(Task`1 results) in c:\code\storyteller\src\Storyteller.Core\Model\FixtureLibrary.cs:line 60
at System.Threading.Tasks.ContinuationResultTaskFromResultTask`2.InnerInvoke()
at System.Threading.Tasks.Task.Execute()
--TargetInvocationException
at System.RuntimeTypeHandle.CreateInstance(RuntimeType type, Boolean publicOnly, Boolean noCheck, Boolean& canBeCached, RuntimeMethodHandleInternal& ctor, Boolean& bNeedSecurityCheck)
at System.RuntimeType.CreateInstanceSlow(Boolean publicOnly, Boolean skipCheckThis, Boolean fillCache, StackCrawlMark& stackMark)
at System.RuntimeType.CreateInstanceDefaultCtor(Boolean publicOnly, Boolean skipCheckThis, Boolean fillCache, StackCrawlMark& stackMark)
at System.Activator.CreateInstance(Type type, Boolean nonPublic)
at System.Activator.CreateInstance(Type type)
at Storyteller.Core.Model.FixtureLibrary.CreateCompiledFixture(CellHandling cellHandling, Type type) in c:\code\storyteller\src\Storyteller.Core\Model\FixtureLibrary.cs:line 74
at Storyteller.Core.Model.FixtureLibrary.<>c__DisplayClass5.<>c__DisplayClass7.<CreateForAppDomain>b__1() in c:\code\storyteller\src\Storyteller.Core\Model\FixtureLibrary.cs:line 52
at System.Threading.Tasks.Task`1.InnerInvoke()
at System.Threading.Tasks.Task.Execute()
--NotImplementedException
at StoryTeller.DSL.ObjectConstructionExpression`1.SetProperty(Expression`1 expression) in c:\code\storyteller\src\Storyteller.Core\DSL\ObjectConstructionExpression.cs:line 47
at Storyteller.Core.Testing.Samples.Fixtures.SetsFixture.<.ctor>b__4(ObjectConstructionExpression`1 x) in c:\code\storyteller\src\Storyteller.Core.Testing\Samples\Fixtures\SetsFixture.cs:line 84
at Storyteller.Core.Fixture.CreateObject[T](String title, Action`1 action) in c:\code\storyteller\src\Storyteller.Core\Fixture.cs:line 331
at Storyteller.Core.Fixture.CreateNewObject[T](Action`1 action) in c:\code\storyteller\src\Storyteller.Core\Fixture.cs:line 347
at Storyteller.Core.Testing.Samples.Fixtures.SetsFixture..ctor() in c:\code\storyteller\src\Storyteller.Core.Testing\Samples\Fixtures\SetsFixture.cs:line 81
]]></stack-trace>
                            </failure>
                          </test-case>
                          <test-case name="Storyteller.Core.Testing.EndToEndExecution.fixture_do_method_specs.run_do_with_argument_against_context" executed="True" result="Error" success="False" time="0.001" asserts="0">
                            <failure>
                              <message><![CDATA[System.AggregateException : One or more errors occurred.
  ----> System.AggregateException : One or more errors occurred.
  ----> System.Reflection.TargetInvocationException : Exception has been thrown by the target of an invocation.
  ----> System.NotImplementedException : The method or operation is not implemented.]]></message>
                              <stack-trace><![CDATA[at System.Threading.Tasks.Task.Wait(Int32 millisecondsTimeout, CancellationToken cancellationToken)
at System.Threading.Tasks.Task.Wait()
at Storyteller.Core.Testing.TestingContext.get_Library() in c:\code\storyteller\src\Storyteller.Core.Testing\TestingContext.cs:line 16
at Storyteller.Core.Testing.SpecRunningContext.execute(String text) in c:\code\storyteller\src\Storyteller.Core.Testing\SpecRunningContext.cs:line 36
at Storyteller.Core.Testing.EndToEndExecution.fixture_do_method_specs.run_do_with_argument_against_context() in c:\code\storyteller\src\Storyteller.Core.Testing\EndToEndExecution\fixture_do_method_specs.cs:line 31
--AggregateException
at System.Threading.Tasks.Task`1.GetResultCore(Boolean waitCompletionNotification)
at Storyteller.Core.Model.FixtureLibrary.<CreateForAppDomain>b__2(Task`1 results) in c:\code\storyteller\src\Storyteller.Core\Model\FixtureLibrary.cs:line 60
at System.Threading.Tasks.ContinuationResultTaskFromResultTask`2.InnerInvoke()
at System.Threading.Tasks.Task.Execute()
--TargetInvocationException
at System.RuntimeTypeHandle.CreateInstance(RuntimeType type, Boolean publicOnly, Boolean noCheck, Boolean& canBeCached, RuntimeMethodHandleInternal& ctor, Boolean& bNeedSecurityCheck)
at System.RuntimeType.CreateInstanceSlow(Boolean publicOnly, Boolean skipCheckThis, Boolean fillCache, StackCrawlMark& stackMark)
at System.RuntimeType.CreateInstanceDefaultCtor(Boolean publicOnly, Boolean skipCheckThis, Boolean fillCache, StackCrawlMark& stackMark)
at System.Activator.CreateInstance(Type type, Boolean nonPublic)
at System.Activator.CreateInstance(Type type)
at Storyteller.Core.Model.FixtureLibrary.CreateCompiledFixture(CellHandling cellHandling, Type type) in c:\code\storyteller\src\Storyteller.Core\Model\FixtureLibrary.cs:line 74
at Storyteller.Core.Model.FixtureLibrary.<>c__DisplayClass5.<>c__DisplayClass7.<CreateForAppDomain>b__1() in c:\code\storyteller\src\Storyteller.Core\Model\FixtureLibrary.cs:line 52
at System.Threading.Tasks.Task`1.InnerInvoke()
at System.Threading.Tasks.Task.Execute()
--NotImplementedException
at StoryTeller.DSL.ObjectConstructionExpression`1.SetProperty(Expression`1 expression) in c:\code\storyteller\src\Storyteller.Core\DSL\ObjectConstructionExpression.cs:line 47
at Storyteller.Core.Testing.Samples.Fixtures.SetsFixture.<.ctor>b__4(ObjectConstructionExpression`1 x) in c:\code\storyteller\src\Storyteller.Core.Testing\Samples\Fixtures\SetsFixture.cs:line 84
at Storyteller.Core.Fixture.CreateObject[T](String title, Action`1 action) in c:\code\storyteller\src\Storyteller.Core\Fixture.cs:line 331
at Storyteller.Core.Fixture.CreateNewObject[T](Action`1 action) in c:\code\storyteller\src\Storyteller.Core\Fixture.cs:line 347
at Storyteller.Core.Testing.Samples.Fixtures.SetsFixture..ctor() in c:\code\storyteller\src\Storyteller.Core.Testing\Samples\Fixtures\SetsFixture.cs:line 81
]]></stack-trace>
                            </failure>
                          </test-case>
                          <test-case name="Storyteller.Core.Testing.EndToEndExecution.fixture_do_method_specs.run_do_with_argument_and_service" executed="True" result="Error" success="False" time="0.002" asserts="0">
                            <failure>
                              <message><![CDATA[System.AggregateException : One or more errors occurred.
  ----> System.AggregateException : One or more errors occurred.
  ----> System.Reflection.TargetInvocationException : Exception has been thrown by the target of an invocation.
  ----> System.NotImplementedException : The method or operation is not implemented.]]></message>
                              <stack-trace><![CDATA[at System.Threading.Tasks.Task.Wait(Int32 millisecondsTimeout, CancellationToken cancellationToken)
at System.Threading.Tasks.Task.Wait()
at Storyteller.Core.Testing.TestingContext.get_Library() in c:\code\storyteller\src\Storyteller.Core.Testing\TestingContext.cs:line 16
at Storyteller.Core.Testing.SpecRunningContext.execute(String text) in c:\code\storyteller\src\Storyteller.Core.Testing\SpecRunningContext.cs:line 36
at Storyteller.Core.Testing.EndToEndExecution.fixture_do_method_specs.run_do_with_argument_and_service() in c:\code\storyteller\src\Storyteller.Core.Testing\EndToEndExecution\fixture_do_method_specs.cs:line 48
--AggregateException
at System.Threading.Tasks.Task`1.GetResultCore(Boolean waitCompletionNotification)
at Storyteller.Core.Model.FixtureLibrary.<CreateForAppDomain>b__2(Task`1 results) in c:\code\storyteller\src\Storyteller.Core\Model\FixtureLibrary.cs:line 60
at System.Threading.Tasks.ContinuationResultTaskFromResultTask`2.InnerInvoke()
at System.Threading.Tasks.Task.Execute()
--TargetInvocationException
at System.RuntimeTypeHandle.CreateInstance(RuntimeType type, Boolean publicOnly, Boolean noCheck, Boolean& canBeCached, RuntimeMethodHandleInternal& ctor, Boolean& bNeedSecurityCheck)
at System.RuntimeType.CreateInstanceSlow(Boolean publicOnly, Boolean skipCheckThis, Boolean fillCache, StackCrawlMark& stackMark)
at System.RuntimeType.CreateInstanceDefaultCtor(Boolean publicOnly, Boolean skipCheckThis, Boolean fillCache, StackCrawlMark& stackMark)
at System.Activator.CreateInstance(Type type, Boolean nonPublic)
at System.Activator.CreateInstance(Type type)
at Storyteller.Core.Model.FixtureLibrary.CreateCompiledFixture(CellHandling cellHandling, Type type) in c:\code\storyteller\src\Storyteller.Core\Model\FixtureLibrary.cs:line 74
at Storyteller.Core.Model.FixtureLibrary.<>c__DisplayClass5.<>c__DisplayClass7.<CreateForAppDomain>b__1() in c:\code\storyteller\src\Storyteller.Core\Model\FixtureLibrary.cs:line 52
at System.Threading.Tasks.Task`1.InnerInvoke()
at System.Threading.Tasks.Task.Execute()
--NotImplementedException
at StoryTeller.DSL.ObjectConstructionExpression`1.SetProperty(Expression`1 expression) in c:\code\storyteller\src\Storyteller.Core\DSL\ObjectConstructionExpression.cs:line 47
at Storyteller.Core.Testing.Samples.Fixtures.SetsFixture.<.ctor>b__4(ObjectConstructionExpression`1 x) in c:\code\storyteller\src\Storyteller.Core.Testing\Samples\Fixtures\SetsFixture.cs:line 84
at Storyteller.Core.Fixture.CreateObject[T](String title, Action`1 action) in c:\code\storyteller\src\Storyteller.Core\Fixture.cs:line 331
at Storyteller.Core.Fixture.CreateNewObject[T](Action`1 action) in c:\code\storyteller\src\Storyteller.Core\Fixture.cs:line 347
at Storyteller.Core.Testing.Samples.Fixtures.SetsFixture..ctor() in c:\code\storyteller\src\Storyteller.Core.Testing\Samples\Fixtures\SetsFixture.cs:line 81
]]></stack-trace>
                            </failure>
                          </test-case>
                        </results>
                      </test-suite>
                      <test-suite type="TestFixture" name="fixture_fact_methods_specs" executed="True" result="Failure" success="False" time="0.023" asserts="0">
                        <results>
                          <test-case name="Storyteller.Core.Testing.EndToEndExecution.fixture_fact_methods_specs.build_the_cell_model" executed="True" result="Error" success="False" time="0.001" asserts="0">
                            <failure>
                              <message><![CDATA[System.AggregateException : One or more errors occurred.
  ----> System.AggregateException : One or more errors occurred.
  ----> System.Reflection.TargetInvocationException : Exception has been thrown by the target of an invocation.
  ----> System.NotImplementedException : The method or operation is not implemented.]]></message>
                              <stack-trace><![CDATA[at System.Threading.Tasks.Task.Wait(Int32 millisecondsTimeout, CancellationToken cancellationToken)
at System.Threading.Tasks.Task.Wait()
at Storyteller.Core.Testing.TestingContext.get_Library() in c:\code\storyteller\src\Storyteller.Core.Testing\TestingContext.cs:line 16
at Storyteller.Core.Testing.SpecRunningContext.ModelFor[T](String fixtureName, String grammarName) in c:\code\storyteller\src\Storyteller.Core.Testing\SpecRunningContext.cs:line 76
at Storyteller.Core.Testing.EndToEndExecution.fixture_fact_methods_specs.build_the_cell_model() in c:\code\storyteller\src\Storyteller.Core.Testing\EndToEndExecution\fixture_fact_methods_specs.cs:line 63
--AggregateException
at System.Threading.Tasks.Task`1.GetResultCore(Boolean waitCompletionNotification)
at Storyteller.Core.Model.FixtureLibrary.<CreateForAppDomain>b__2(Task`1 results) in c:\code\storyteller\src\Storyteller.Core\Model\FixtureLibrary.cs:line 60
at System.Threading.Tasks.ContinuationResultTaskFromResultTask`2.InnerInvoke()
at System.Threading.Tasks.Task.Execute()
--TargetInvocationException
at System.RuntimeTypeHandle.CreateInstance(RuntimeType type, Boolean publicOnly, Boolean noCheck, Boolean& canBeCached, RuntimeMethodHandleInternal& ctor, Boolean& bNeedSecurityCheck)
at System.RuntimeType.CreateInstanceSlow(Boolean publicOnly, Boolean skipCheckThis, Boolean fillCache, StackCrawlMark& stackMark)
at System.RuntimeType.CreateInstanceDefaultCtor(Boolean publicOnly, Boolean skipCheckThis, Boolean fillCache, StackCrawlMark& stackMark)
at System.Activator.CreateInstance(Type type, Boolean nonPublic)
at System.Activator.CreateInstance(Type type)
at Storyteller.Core.Model.FixtureLibrary.CreateCompiledFixture(CellHandling cellHandling, Type type) in c:\code\storyteller\src\Storyteller.Core\Model\FixtureLibrary.cs:line 74
at Storyteller.Core.Model.FixtureLibrary.<>c__DisplayClass5.<>c__DisplayClass7.<CreateForAppDomain>b__1() in c:\code\storyteller\src\Storyteller.Core\Model\FixtureLibrary.cs:line 52
at System.Threading.Tasks.Task`1.InnerInvoke()
at System.Threading.Tasks.Task.Execute()
--NotImplementedException
at StoryTeller.DSL.ObjectConstructionExpression`1.SetProperty(Expression`1 expression) in c:\code\storyteller\src\Storyteller.Core\DSL\ObjectConstructionExpression.cs:line 47
at Storyteller.Core.Testing.Samples.Fixtures.SetsFixture.<.ctor>b__4(ObjectConstructionExpression`1 x) in c:\code\storyteller\src\Storyteller.Core.Testing\Samples\Fixtures\SetsFixture.cs:line 84
at Storyteller.Core.Fixture.CreateObject[T](String title, Action`1 action) in c:\code\storyteller\src\Storyteller.Core\Fixture.cs:line 331
at Storyteller.Core.Fixture.CreateNewObject[T](Action`1 action) in c:\code\storyteller\src\Storyteller.Core\Fixture.cs:line 347
at Storyteller.Core.Testing.Samples.Fixtures.SetsFixture..ctor() in c:\code\storyteller\src\Storyteller.Core.Testing\Samples\Fixtures\SetsFixture.cs:line 81
]]></stack-trace>
                            </failure>
                          </test-case>
                          <test-case name="Storyteller.Core.Testing.EndToEndExecution.fixture_fact_methods_specs.execute_fact_by_context" executed="True" result="Error" success="False" time="0.002" asserts="0">
                            <failure>
                              <message><![CDATA[System.AggregateException : One or more errors occurred.
  ----> System.AggregateException : One or more errors occurred.
  ----> System.Reflection.TargetInvocationException : Exception has been thrown by the target of an invocation.
  ----> System.NotImplementedException : The method or operation is not implemented.]]></message>
                              <stack-trace><![CDATA[at System.Threading.Tasks.Task.Wait(Int32 millisecondsTimeout, CancellationToken cancellationToken)
at System.Threading.Tasks.Task.Wait()
at Storyteller.Core.Testing.TestingContext.get_Library() in c:\code\storyteller\src\Storyteller.Core.Testing\TestingContext.cs:line 16
at Storyteller.Core.Testing.SpecRunningContext.execute(String text) in c:\code\storyteller\src\Storyteller.Core.Testing\SpecRunningContext.cs:line 36
at Storyteller.Core.Testing.EndToEndExecution.fixture_fact_methods_specs.execute_fact_by_context() in c:\code\storyteller\src\Storyteller.Core.Testing\EndToEndExecution\fixture_fact_methods_specs.cs:line 31
--AggregateException
at System.Threading.Tasks.Task`1.GetResultCore(Boolean waitCompletionNotification)
at Storyteller.Core.Model.FixtureLibrary.<CreateForAppDomain>b__2(Task`1 results) in c:\code\storyteller\src\Storyteller.Core\Model\FixtureLibrary.cs:line 60
at System.Threading.Tasks.ContinuationResultTaskFromResultTask`2.InnerInvoke()
at System.Threading.Tasks.Task.Execute()
--TargetInvocationException
at System.RuntimeTypeHandle.CreateInstance(RuntimeType type, Boolean publicOnly, Boolean noCheck, Boolean& canBeCached, RuntimeMethodHandleInternal& ctor, Boolean& bNeedSecurityCheck)
at System.RuntimeType.CreateInstanceSlow(Boolean publicOnly, Boolean skipCheckThis, Boolean fillCache, StackCrawlMark& stackMark)
at System.RuntimeType.CreateInstanceDefaultCtor(Boolean publicOnly, Boolean skipCheckThis, Boolean fillCache, StackCrawlMark& stackMark)
at System.Activator.CreateInstance(Type type, Boolean nonPublic)
at System.Activator.CreateInstance(Type type)
at Storyteller.Core.Model.FixtureLibrary.CreateCompiledFixture(CellHandling cellHandling, Type type) in c:\code\storyteller\src\Storyteller.Core\Model\FixtureLibrary.cs:line 74
at Storyteller.Core.Model.FixtureLibrary.<>c__DisplayClass5.<>c__DisplayClass7.<CreateForAppDomain>b__1() in c:\code\storyteller\src\Storyteller.Core\Model\FixtureLibrary.cs:line 52
at System.Threading.Tasks.Task`1.InnerInvoke()
at System.Threading.Tasks.Task.Execute()
--NotImplementedException
at StoryTeller.DSL.ObjectConstructionExpression`1.SetProperty(Expression`1 expression) in c:\code\storyteller\src\Storyteller.Core\DSL\ObjectConstructionExpression.cs:line 47
at Storyteller.Core.Testing.Samples.Fixtures.SetsFixture.<.ctor>b__4(ObjectConstructionExpression`1 x) in c:\code\storyteller\src\Storyteller.Core.Testing\Samples\Fixtures\SetsFixture.cs:line 84
at Storyteller.Core.Fixture.CreateObject[T](String title, Action`1 action) in c:\code\storyteller\src\Storyteller.Core\Fixture.cs:line 331
at Storyteller.Core.Fixture.CreateNewObject[T](Action`1 action) in c:\code\storyteller\src\Storyteller.Core\Fixture.cs:line 347
at Storyteller.Core.Testing.Samples.Fixtures.SetsFixture..ctor() in c:\code\storyteller\src\Storyteller.Core.Testing\Samples\Fixtures\SetsFixture.cs:line 81
]]></stack-trace>
                            </failure>
                          </test-case>
                          <test-case name="Storyteller.Core.Testing.EndToEndExecution.fixture_fact_methods_specs.execute_fact_by_service" executed="True" result="Error" success="False" time="0.002" asserts="0">
                            <failure>
                              <message><![CDATA[System.AggregateException : One or more errors occurred.
  ----> System.AggregateException : One or more errors occurred.
  ----> System.Reflection.TargetInvocationException : Exception has been thrown by the target of an invocation.
  ----> System.NotImplementedException : The method or operation is not implemented.]]></message>
                              <stack-trace><![CDATA[at System.Threading.Tasks.Task.Wait(Int32 millisecondsTimeout, CancellationToken cancellationToken)
at System.Threading.Tasks.Task.Wait()
at Storyteller.Core.Testing.TestingContext.get_Library() in c:\code\storyteller\src\Storyteller.Core.Testing\TestingContext.cs:line 16
at Storyteller.Core.Testing.SpecRunningContext.execute(String text) in c:\code\storyteller\src\Storyteller.Core.Testing\SpecRunningContext.cs:line 36
at Storyteller.Core.Testing.EndToEndExecution.fixture_fact_methods_specs.execute_fact_by_service() in c:\code\storyteller\src\Storyteller.Core.Testing\EndToEndExecution\fixture_fact_methods_specs.cs:line 49
--AggregateException
at System.Threading.Tasks.Task`1.GetResultCore(Boolean waitCompletionNotification)
at Storyteller.Core.Model.FixtureLibrary.<CreateForAppDomain>b__2(Task`1 results) in c:\code\storyteller\src\Storyteller.Core\Model\FixtureLibrary.cs:line 60
at System.Threading.Tasks.ContinuationResultTaskFromResultTask`2.InnerInvoke()
at System.Threading.Tasks.Task.Execute()
--TargetInvocationException
at System.RuntimeTypeHandle.CreateInstance(RuntimeType type, Boolean publicOnly, Boolean noCheck, Boolean& canBeCached, RuntimeMethodHandleInternal& ctor, Boolean& bNeedSecurityCheck)
at System.RuntimeType.CreateInstanceSlow(Boolean publicOnly, Boolean skipCheckThis, Boolean fillCache, StackCrawlMark& stackMark)
at System.RuntimeType.CreateInstanceDefaultCtor(Boolean publicOnly, Boolean skipCheckThis, Boolean fillCache, StackCrawlMark& stackMark)
at System.Activator.CreateInstance(Type type, Boolean nonPublic)
at System.Activator.CreateInstance(Type type)
at Storyteller.Core.Model.FixtureLibrary.CreateCompiledFixture(CellHandling cellHandling, Type type) in c:\code\storyteller\src\Storyteller.Core\Model\FixtureLibrary.cs:line 74
at Storyteller.Core.Model.FixtureLibrary.<>c__DisplayClass5.<>c__DisplayClass7.<CreateForAppDomain>b__1() in c:\code\storyteller\src\Storyteller.Core\Model\FixtureLibrary.cs:line 52
at System.Threading.Tasks.Task`1.InnerInvoke()
at System.Threading.Tasks.Task.Execute()
--NotImplementedException
at StoryTeller.DSL.ObjectConstructionExpression`1.SetProperty(Expression`1 expression) in c:\code\storyteller\src\Storyteller.Core\DSL\ObjectConstructionExpression.cs:line 47
at Storyteller.Core.Testing.Samples.Fixtures.SetsFixture.<.ctor>b__4(ObjectConstructionExpression`1 x) in c:\code\storyteller\src\Storyteller.Core.Testing\Samples\Fixtures\SetsFixture.cs:line 84
at Storyteller.Core.Fixture.CreateObject[T](String title, Action`1 action) in c:\code\storyteller\src\Storyteller.Core\Fixture.cs:line 331
at Storyteller.Core.Fixture.CreateNewObject[T](Action`1 action) in c:\code\storyteller\src\Storyteller.Core\Fixture.cs:line 347
at Storyteller.Core.Testing.Samples.Fixtures.SetsFixture..ctor() in c:\code\storyteller\src\Storyteller.Core.Testing\Samples\Fixtures\SetsFixture.cs:line 81
]]></stack-trace>
                            </failure>
                          </test-case>
                          <test-case name="Storyteller.Core.Testing.EndToEndExecution.fixture_fact_methods_specs.execute_simple_fact_positive" executed="True" result="Error" success="False" time="0.003" asserts="0">
                            <failure>
                              <message><![CDATA[System.AggregateException : One or more errors occurred.
  ----> System.AggregateException : One or more errors occurred.
  ----> System.Reflection.TargetInvocationException : Exception has been thrown by the target of an invocation.
  ----> System.NotImplementedException : The method or operation is not implemented.]]></message>
                              <stack-trace><![CDATA[at System.Threading.Tasks.Task.Wait(Int32 millisecondsTimeout, CancellationToken cancellationToken)
at System.Threading.Tasks.Task.Wait()
at Storyteller.Core.Testing.TestingContext.get_Library() in c:\code\storyteller\src\Storyteller.Core.Testing\TestingContext.cs:line 16
at Storyteller.Core.Testing.SpecRunningContext.execute(String text) in c:\code\storyteller\src\Storyteller.Core.Testing\SpecRunningContext.cs:line 36
at Storyteller.Core.Testing.EndToEndExecution.fixture_fact_methods_specs.execute_simple_fact_positive() in c:\code\storyteller\src\Storyteller.Core.Testing\EndToEndExecution\fixture_fact_methods_specs.cs:line 17
--AggregateException
at System.Threading.Tasks.Task`1.GetResultCore(Boolean waitCompletionNotification)
at Storyteller.Core.Model.FixtureLibrary.<CreateForAppDomain>b__2(Task`1 results) in c:\code\storyteller\src\Storyteller.Core\Model\FixtureLibrary.cs:line 60
at System.Threading.Tasks.ContinuationResultTaskFromResultTask`2.InnerInvoke()
at System.Threading.Tasks.Task.Execute()
--TargetInvocationException
at System.RuntimeTypeHandle.CreateInstance(RuntimeType type, Boolean publicOnly, Boolean noCheck, Boolean& canBeCached, RuntimeMethodHandleInternal& ctor, Boolean& bNeedSecurityCheck)
at System.RuntimeType.CreateInstanceSlow(Boolean publicOnly, Boolean skipCheckThis, Boolean fillCache, StackCrawlMark& stackMark)
at System.RuntimeType.CreateInstanceDefaultCtor(Boolean publicOnly, Boolean skipCheckThis, Boolean fillCache, StackCrawlMark& stackMark)
at System.Activator.CreateInstance(Type type, Boolean nonPublic)
at System.Activator.CreateInstance(Type type)
at Storyteller.Core.Model.FixtureLibrary.CreateCompiledFixture(CellHandling cellHandling, Type type) in c:\code\storyteller\src\Storyteller.Core\Model\FixtureLibrary.cs:line 74
at Storyteller.Core.Model.FixtureLibrary.<>c__DisplayClass5.<>c__DisplayClass7.<CreateForAppDomain>b__1() in c:\code\storyteller\src\Storyteller.Core\Model\FixtureLibrary.cs:line 52
at System.Threading.Tasks.Task`1.InnerInvoke()
at System.Threading.Tasks.Task.Execute()
--NotImplementedException
at StoryTeller.DSL.ObjectConstructionExpression`1.SetProperty(Expression`1 expression) in c:\code\storyteller\src\Storyteller.Core\DSL\ObjectConstructionExpression.cs:line 47
at Storyteller.Core.Testing.Samples.Fixtures.SetsFixture.<.ctor>b__4(ObjectConstructionExpression`1 x) in c:\code\storyteller\src\Storyteller.Core.Testing\Samples\Fixtures\SetsFixture.cs:line 84
at Storyteller.Core.Fixture.CreateObject[T](String title, Action`1 action) in c:\code\storyteller\src\Storyteller.Core\Fixture.cs:line 331
at Storyteller.Core.Fixture.CreateNewObject[T](Action`1 action) in c:\code\storyteller\src\Storyteller.Core\Fixture.cs:line 347
at Storyteller.Core.Testing.Samples.Fixtures.SetsFixture..ctor() in c:\code\storyteller\src\Storyteller.Core.Testing\Samples\Fixtures\SetsFixture.cs:line 81
]]></stack-trace>
                            </failure>
                          </test-case>
                        </results>
                      </test-suite>
                      <test-suite type="TestFixture" name="simple_method_grammars" executed="True" result="Failure" success="False" time="0.003" asserts="0">
                        <results>
                          <test-case name="Storyteller.Core.Testing.EndToEndExecution.simple_method_grammars.run_with_actions_and_assertions_success_and_failure_and_exception" executed="True" result="Error" success="False" time="0.001" asserts="0">
                            <failure>
                              <message><![CDATA[System.AggregateException : One or more errors occurred.
  ----> System.AggregateException : One or more errors occurred.
  ----> System.Reflection.TargetInvocationException : Exception has been thrown by the target of an invocation.
  ----> System.NotImplementedException : The method or operation is not implemented.]]></message>
                              <stack-trace><![CDATA[at System.Threading.Tasks.Task.Wait(Int32 millisecondsTimeout, CancellationToken cancellationToken)
at System.Threading.Tasks.Task.Wait()
at Storyteller.Core.Testing.TestingContext.get_Library() in c:\code\storyteller\src\Storyteller.Core.Testing\TestingContext.cs:line 16
at Storyteller.Core.Testing.SpecRunningContext.execute(String text) in c:\code\storyteller\src\Storyteller.Core.Testing\SpecRunningContext.cs:line 36
at Storyteller.Core.Testing.EndToEndExecution.simple_method_grammars.run_with_actions_and_assertions_success_and_failure_and_exception() in c:\code\storyteller\src\Storyteller.Core.Testing\EndToEndExecution\simple_method_grammars.cs:line 15
--AggregateException
at System.Threading.Tasks.Task`1.GetResultCore(Boolean waitCompletionNotification)
at Storyteller.Core.Model.FixtureLibrary.<CreateForAppDomain>b__2(Task`1 results) in c:\code\storyteller\src\Storyteller.Core\Model\FixtureLibrary.cs:line 60
at System.Threading.Tasks.ContinuationResultTaskFromResultTask`2.InnerInvoke()
at System.Threading.Tasks.Task.Execute()
--TargetInvocationException
at System.RuntimeTypeHandle.CreateInstance(RuntimeType type, Boolean publicOnly, Boolean noCheck, Boolean& canBeCached, RuntimeMethodHandleInternal& ctor, Boolean& bNeedSecurityCheck)
at System.RuntimeType.CreateInstanceSlow(Boolean publicOnly, Boolean skipCheckThis, Boolean fillCache, StackCrawlMark& stackMark)
at System.RuntimeType.CreateInstanceDefaultCtor(Boolean publicOnly, Boolean skipCheckThis, Boolean fillCache, StackCrawlMark& stackMark)
at System.Activator.CreateInstance(Type type, Boolean nonPublic)
at System.Activator.CreateInstance(Type type)
at Storyteller.Core.Model.FixtureLibrary.CreateCompiledFixture(CellHandling cellHandling, Type type) in c:\code\storyteller\src\Storyteller.Core\Model\FixtureLibrary.cs:line 74
at Storyteller.Core.Model.FixtureLibrary.<>c__DisplayClass5.<>c__DisplayClass7.<CreateForAppDomain>b__1() in c:\code\storyteller\src\Storyteller.Core\Model\FixtureLibrary.cs:line 52
at System.Threading.Tasks.Task`1.InnerInvoke()
at System.Threading.Tasks.Task.Execute()
--NotImplementedException
at StoryTeller.DSL.ObjectConstructionExpression`1.SetProperty(Expression`1 expression) in c:\code\storyteller\src\Storyteller.Core\DSL\ObjectConstructionExpression.cs:line 47
at Storyteller.Core.Testing.Samples.Fixtures.SetsFixture.<.ctor>b__4(ObjectConstructionExpression`1 x) in c:\code\storyteller\src\Storyteller.Core.Testing\Samples\Fixtures\SetsFixture.cs:line 84
at Storyteller.Core.Fixture.CreateObject[T](String title, Action`1 action) in c:\code\storyteller\src\Storyteller.Core\Fixture.cs:line 331
at Storyteller.Core.Fixture.CreateNewObject[T](Action`1 action) in c:\code\storyteller\src\Storyteller.Core\Fixture.cs:line 347
at Storyteller.Core.Testing.Samples.Fixtures.SetsFixture..ctor() in c:\code\storyteller\src\Storyteller.Core.Testing\Samples\Fixtures\SetsFixture.cs:line 81
]]></stack-trace>
                            </failure>
                          </test-case>
                        </results>
                      </test-suite>
                    </results>
                  </test-suite>
                  <test-suite type="Namespace" name="Engine" executed="True" result="Success" success="True" time="0.012" asserts="0">
                    <results>
                      <test-suite type="TestFixture" name="CountsTester" executed="True" result="Success" success="True" time="0.011" asserts="0">
                        <results>
                          <test-case name="Storyteller.Core.Testing.Engine.CountsTester.add_two_counts" executed="True" result="Success" success="True" time="0.001" asserts="8" />
                          <test-case name="Storyteller.Core.Testing.Engine.CountsTester.counts_are_all_zero_on_construction" executed="True" result="Success" success="True" time="0.001" asserts="4" />
                          <test-case name="Storyteller.Core.Testing.Engine.CountsTester.is_success" executed="True" result="Success" success="True" time="0.002" asserts="6" />
                          <test-case name="Storyteller.Core.Testing.Engine.CountsTester.reset_clears_all_counts_to_zero" executed="True" result="Success" success="True" time="0.002" asserts="1" />
                        </results>
                      </test-suite>
                    </results>
                  </test-suite>
                  <test-suite type="Namespace" name="Equivalence" executed="True" result="Success" success="True" time="0.015" asserts="0">
                    <results>
                      <test-suite type="TestFixture" name="EquivalenceCheckerTester" executed="True" result="Success" success="True" time="0.014" asserts="0">
                        <results>
                          <test-case name="Storyteller.Core.Testing.Equivalence.EquivalenceCheckerTester.arrays_are_checked_independently_of_order" executed="True" result="Success" success="True" time="0.003" asserts="3" />
                          <test-case name="Storyteller.Core.Testing.Equivalence.EquivalenceCheckerTester.check_a_string" executed="True" result="Success" success="True" time="0.001" asserts="2" />
                          <test-case name="Storyteller.Core.Testing.Equivalence.EquivalenceCheckerTester.expected_is_null" executed="True" result="Success" success="True" time="0.001" asserts="2" />
                          <test-case name="Storyteller.Core.Testing.Equivalence.EquivalenceCheckerTester.use_equatable_if_possible" executed="True" result="Success" success="True" time="0.002" asserts="2" />
                        </results>
                      </test-suite>
                    </results>
                  </test-suite>
                  <test-suite type="TestFixture" name="FixtureTester" executed="True" result="Success" success="True" time="0.035" asserts="0">
                    <results>
                      <test-case name="Storyteller.Core.Testing.FixtureTester.builds_default_title_in_model" executed="True" result="Success" success="True" time="0.002" asserts="1" />
                      <test-case name="Storyteller.Core.Testing.FixtureTester.builds_model_with_explicit_title" executed="True" result="Success" success="True" time="0.001" asserts="1" />
                      <test-case name="Storyteller.Core.Testing.FixtureTester.can_resolve_grammars_added_explicitly" executed="True" result="Success" success="True" time="0.007" asserts="6" />
                      <test-case name="Storyteller.Core.Testing.FixtureTester.can_resolve_grammars_created_by_a_public_method" executed="True" result="Success" success="True" time="0.000" asserts="6" />
                      <test-case name="Storyteller.Core.Testing.FixtureTester.Fixture_can_handle_a_grammar_that_fails_to_construct_itself" executed="True" result="Success" success="True" time="0.001" asserts="3" />
                      <test-case name="Storyteller.Core.Testing.FixtureTester.fixture_returns_a_missing_grammar_for_something_that_is_unknown" executed="True" result="Success" success="True" time="0.001" asserts="2" />
                      <test-case name="Storyteller.Core.Testing.FixtureTester.get_the_name_using_convention_if_the_alias_as_attribute_does_not_exist" executed="True" result="Success" success="True" time="0.000" asserts="1" />
                      <test-case name="Storyteller.Core.Testing.FixtureTester.get_the_name_using_the_alias_attribute_if_it_exists" executed="True" result="Success" success="True" time="0.000" asserts="1" />
                      <test-case name="Storyteller.Core.Testing.FixtureTester.hidden_when_marked_with_Hidden" executed="True" result="Success" success="True" time="0.001" asserts="1" />
                      <test-case name="Storyteller.Core.Testing.FixtureTester.not_hidden_without_the_attribute" executed="True" result="Success" success="True" time="0.001" asserts="1" />
                      <test-case name="Storyteller.Core.Testing.FixtureTester.use_alias_for_on_grammar_method" executed="True" result="Success" success="True" time="0.000" asserts="4" />
                    </results>
                  </test-suite>
                  <test-suite type="Namespace" name="Grammars" executed="True" result="Failure" success="False" time="0.823" asserts="0">
                    <results>
                      <test-suite type="TestFixture" name="EmbeddedSectionGrammar_specs" executed="True" result="Failure" success="False" time="0.013" asserts="0">
                        <results>
                          <test-case name="Storyteller.Core.Testing.Grammars.EmbeddedSectionGrammar_specs.builds_the_model" executed="True" result="Error" success="False" time="0.002" asserts="0">
                            <failure>
                              <message><![CDATA[System.AggregateException : One or more errors occurred.
  ----> System.AggregateException : One or more errors occurred.
  ----> System.Reflection.TargetInvocationException : Exception has been thrown by the target of an invocation.
  ----> System.NotImplementedException : The method or operation is not implemented.]]></message>
                              <stack-trace><![CDATA[at System.Threading.Tasks.Task.Wait(Int32 millisecondsTimeout, CancellationToken cancellationToken)
at System.Threading.Tasks.Task.Wait()
at Storyteller.Core.Testing.TestingContext.get_Library() in c:\code\storyteller\src\Storyteller.Core.Testing\TestingContext.cs:line 16
at Storyteller.Core.Testing.SpecRunningContext.ModelFor[T](String fixtureName, String grammarName) in c:\code\storyteller\src\Storyteller.Core.Testing\SpecRunningContext.cs:line 76
at Storyteller.Core.Testing.Grammars.EmbeddedSectionGrammar_specs.builds_the_model() in c:\code\storyteller\src\Storyteller.Core.Testing\Grammars\EmbeddedSectionGrammar_specs.cs:line 37
--AggregateException
at System.Threading.Tasks.Task`1.GetResultCore(Boolean waitCompletionNotification)
at Storyteller.Core.Model.FixtureLibrary.<CreateForAppDomain>b__2(Task`1 results) in c:\code\storyteller\src\Storyteller.Core\Model\FixtureLibrary.cs:line 60
at System.Threading.Tasks.ContinuationResultTaskFromResultTask`2.InnerInvoke()
at System.Threading.Tasks.Task.Execute()
--TargetInvocationException
at System.RuntimeTypeHandle.CreateInstance(RuntimeType type, Boolean publicOnly, Boolean noCheck, Boolean& canBeCached, RuntimeMethodHandleInternal& ctor, Boolean& bNeedSecurityCheck)
at System.RuntimeType.CreateInstanceSlow(Boolean publicOnly, Boolean skipCheckThis, Boolean fillCache, StackCrawlMark& stackMark)
at System.RuntimeType.CreateInstanceDefaultCtor(Boolean publicOnly, Boolean skipCheckThis, Boolean fillCache, StackCrawlMark& stackMark)
at System.Activator.CreateInstance(Type type, Boolean nonPublic)
at System.Activator.CreateInstance(Type type)
at Storyteller.Core.Model.FixtureLibrary.CreateCompiledFixture(CellHandling cellHandling, Type type) in c:\code\storyteller\src\Storyteller.Core\Model\FixtureLibrary.cs:line 74
at Storyteller.Core.Model.FixtureLibrary.<>c__DisplayClass5.<>c__DisplayClass7.<CreateForAppDomain>b__1() in c:\code\storyteller\src\Storyteller.Core\Model\FixtureLibrary.cs:line 52
at System.Threading.Tasks.Task`1.InnerInvoke()
at System.Threading.Tasks.Task.Execute()
--NotImplementedException
at StoryTeller.DSL.ObjectConstructionExpression`1.SetProperty(Expression`1 expression) in c:\code\storyteller\src\Storyteller.Core\DSL\ObjectConstructionExpression.cs:line 47
at Storyteller.Core.Testing.Samples.Fixtures.SetsFixture.<.ctor>b__4(ObjectConstructionExpression`1 x) in c:\code\storyteller\src\Storyteller.Core.Testing\Samples\Fixtures\SetsFixture.cs:line 84
at Storyteller.Core.Fixture.CreateObject[T](String title, Action`1 action) in c:\code\storyteller\src\Storyteller.Core\Fixture.cs:line 331
at Storyteller.Core.Fixture.CreateNewObject[T](Action`1 action) in c:\code\storyteller\src\Storyteller.Core\Fixture.cs:line 347
at Storyteller.Core.Testing.Samples.Fixtures.SetsFixture..ctor() in c:\code\storyteller\src\Storyteller.Core.Testing\Samples\Fixtures\SetsFixture.cs:line 81
]]></stack-trace>
                            </failure>
                          </test-case>
                          <test-case name="Storyteller.Core.Testing.Grammars.EmbeddedSectionGrammar_specs.runs_all_nested_steps_setup_and_teardown" executed="True" result="Error" success="False" time="0.004" asserts="0">
                            <failure>
                              <message><![CDATA[System.AggregateException : One or more errors occurred.
  ----> System.AggregateException : One or more errors occurred.
  ----> System.Reflection.TargetInvocationException : Exception has been thrown by the target of an invocation.
  ----> System.NotImplementedException : The method or operation is not implemented.]]></message>
                              <stack-trace><![CDATA[at System.Threading.Tasks.Task.Wait(Int32 millisecondsTimeout, CancellationToken cancellationToken)
at System.Threading.Tasks.Task.Wait()
at Storyteller.Core.Testing.TestingContext.get_Library() in c:\code\storyteller\src\Storyteller.Core.Testing\TestingContext.cs:line 16
at Storyteller.Core.Testing.SpecRunningContext.execute(String text) in c:\code\storyteller\src\Storyteller.Core.Testing\SpecRunningContext.cs:line 36
at Storyteller.Core.Testing.Grammars.EmbeddedSectionGrammar_specs.runs_all_nested_steps_setup_and_teardown() in c:\code\storyteller\src\Storyteller.Core.Testing\Grammars\EmbeddedSectionGrammar_specs.cs:line 17
--AggregateException
at System.Threading.Tasks.Task`1.GetResultCore(Boolean waitCompletionNotification)
at Storyteller.Core.Model.FixtureLibrary.<CreateForAppDomain>b__2(Task`1 results) in c:\code\storyteller\src\Storyteller.Core\Model\FixtureLibrary.cs:line 60
at System.Threading.Tasks.ContinuationResultTaskFromResultTask`2.InnerInvoke()
at System.Threading.Tasks.Task.Execute()
--TargetInvocationException
at System.RuntimeTypeHandle.CreateInstance(RuntimeType type, Boolean publicOnly, Boolean noCheck, Boolean& canBeCached, RuntimeMethodHandleInternal& ctor, Boolean& bNeedSecurityCheck)
at System.RuntimeType.CreateInstanceSlow(Boolean publicOnly, Boolean skipCheckThis, Boolean fillCache, StackCrawlMark& stackMark)
at System.RuntimeType.CreateInstanceDefaultCtor(Boolean publicOnly, Boolean skipCheckThis, Boolean fillCache, StackCrawlMark& stackMark)
at System.Activator.CreateInstance(Type type, Boolean nonPublic)
at System.Activator.CreateInstance(Type type)
at Storyteller.Core.Model.FixtureLibrary.CreateCompiledFixture(CellHandling cellHandling, Type type) in c:\code\storyteller\src\Storyteller.Core\Model\FixtureLibrary.cs:line 74
at Storyteller.Core.Model.FixtureLibrary.<>c__DisplayClass5.<>c__DisplayClass7.<CreateForAppDomain>b__1() in c:\code\storyteller\src\Storyteller.Core\Model\FixtureLibrary.cs:line 52
at System.Threading.Tasks.Task`1.InnerInvoke()
at System.Threading.Tasks.Task.Execute()
--NotImplementedException
at StoryTeller.DSL.ObjectConstructionExpression`1.SetProperty(Expression`1 expression) in c:\code\storyteller\src\Storyteller.Core\DSL\ObjectConstructionExpression.cs:line 47
at Storyteller.Core.Testing.Samples.Fixtures.SetsFixture.<.ctor>b__4(ObjectConstructionExpression`1 x) in c:\code\storyteller\src\Storyteller.Core.Testing\Samples\Fixtures\SetsFixture.cs:line 84
at Storyteller.Core.Fixture.CreateObject[T](String title, Action`1 action) in c:\code\storyteller\src\Storyteller.Core\Fixture.cs:line 331
at Storyteller.Core.Fixture.CreateNewObject[T](Action`1 action) in c:\code\storyteller\src\Storyteller.Core\Fixture.cs:line 347
at Storyteller.Core.Testing.Samples.Fixtures.SetsFixture..ctor() in c:\code\storyteller\src\Storyteller.Core.Testing\Samples\Fixtures\SetsFixture.cs:line 81
]]></stack-trace>
                            </failure>
                          </test-case>
                        </results>
                      </test-suite>
                      <test-suite type="TestFixture" name="FixtureLibraryTester" executed="True" result="Failure" success="False" time="0.105" asserts="0">
                        <results>
                          <test-case name="Storyteller.Core.Testing.Grammars.FixtureLibraryTester.builds_for_all_the_non_hidden_fixtures" executed="True" result="Error" success="False" time="0.104" asserts="0">
                            <failure>
                              <message><![CDATA[System.AggregateException : One or more errors occurred.
  ----> System.AggregateException : One or more errors occurred.
  ----> System.Reflection.TargetInvocationException : Exception has been thrown by the target of an invocation.
  ----> System.NotImplementedException : The method or operation is not implemented.]]></message>
                              <stack-trace><![CDATA[at System.Threading.Tasks.Task.Wait(Int32 millisecondsTimeout, CancellationToken cancellationToken)
at System.Threading.Tasks.Task.Wait()
at Storyteller.Core.Testing.Grammars.FixtureLibraryTester.builds_for_all_the_non_hidden_fixtures() in c:\code\storyteller\src\Storyteller.Core.Testing\Grammars\FixtureLibraryTester.cs:line 16
--AggregateException
at System.Threading.Tasks.Task`1.GetResultCore(Boolean waitCompletionNotification)
at Storyteller.Core.Model.FixtureLibrary.<CreateForAppDomain>b__2(Task`1 results) in c:\code\storyteller\src\Storyteller.Core\Model\FixtureLibrary.cs:line 60
at System.Threading.Tasks.ContinuationResultTaskFromResultTask`2.InnerInvoke()
at System.Threading.Tasks.Task.Execute()
--TargetInvocationException
at System.RuntimeTypeHandle.CreateInstance(RuntimeType type, Boolean publicOnly, Boolean noCheck, Boolean& canBeCached, RuntimeMethodHandleInternal& ctor, Boolean& bNeedSecurityCheck)
at System.RuntimeType.CreateInstanceSlow(Boolean publicOnly, Boolean skipCheckThis, Boolean fillCache, StackCrawlMark& stackMark)
at System.RuntimeType.CreateInstanceDefaultCtor(Boolean publicOnly, Boolean skipCheckThis, Boolean fillCache, StackCrawlMark& stackMark)
at System.Activator.CreateInstance(Type type, Boolean nonPublic)
at System.Activator.CreateInstance(Type type)
at Storyteller.Core.Model.FixtureLibrary.CreateCompiledFixture(CellHandling cellHandling, Type type) in c:\code\storyteller\src\Storyteller.Core\Model\FixtureLibrary.cs:line 74
at Storyteller.Core.Model.FixtureLibrary.<>c__DisplayClass5.<>c__DisplayClass7.<CreateForAppDomain>b__1() in c:\code\storyteller\src\Storyteller.Core\Model\FixtureLibrary.cs:line 52
at System.Threading.Tasks.Task`1.InnerInvoke()
at System.Threading.Tasks.Task.Execute()
--NotImplementedException
at StoryTeller.DSL.ObjectConstructionExpression`1.SetProperty(Expression`1 expression) in c:\code\storyteller\src\Storyteller.Core\DSL\ObjectConstructionExpression.cs:line 47
at Storyteller.Core.Testing.Samples.Fixtures.SetsFixture.<.ctor>b__4(ObjectConstructionExpression`1 x) in c:\code\storyteller\src\Storyteller.Core.Testing\Samples\Fixtures\SetsFixture.cs:line 84
at Storyteller.Core.Fixture.CreateObject[T](String title, Action`1 action) in c:\code\storyteller\src\Storyteller.Core\Fixture.cs:line 331
at Storyteller.Core.Fixture.CreateNewObject[T](Action`1 action) in c:\code\storyteller\src\Storyteller.Core\Fixture.cs:line 347
at Storyteller.Core.Testing.Samples.Fixtures.SetsFixture..ctor() in c:\code\storyteller\src\Storyteller.Core.Testing\Samples\Fixtures\SetsFixture.cs:line 81
]]></stack-trace>
                            </failure>
                          </test-case>
                        </results>
                      </test-suite>
                      <test-suite type="TestFixture" name="InvalidGrammarStepTester" executed="True" result="Success" success="True" time="0.248" asserts="0">
                        <results>
                          <test-case name="Storyteller.Core.Testing.Grammars.InvalidGrammarStepTester.accept_visitor" executed="True" result="Success" success="True" time="0.241" asserts="0" />
                          <test-case name="Storyteller.Core.Testing.Grammars.InvalidGrammarStepTester.execute_logs_a_step_result_error" executed="True" result="Success" success="True" time="0.004" asserts="5" />
                        </results>
                      </test-suite>
                      <test-suite type="TestFixture" name="LinePlanTester" executed="True" result="Success" success="True" time="0.113" asserts="0">
                        <results>
                          <test-case name="Storyteller.Core.Testing.Grammars.LinePlanTester.accept_visitor_calls_through_to_line" executed="True" result="Success" success="True" time="0.019" asserts="0" />
                          <test-case name="Storyteller.Core.Testing.Grammars.LinePlanTester.no_conversion_errors_but_the_action_blows_up" executed="True" result="Success" success="True" time="0.053" asserts="1" />
                          <test-case name="Storyteller.Core.Testing.Grammars.LinePlanTester.no_conversion_errors_but_the_action_blows_up_sets_the_position" executed="True" result="Success" success="True" time="0.002" asserts="3" />
                          <test-case name="Storyteller.Core.Testing.Grammars.LinePlanTester.run_happy_path_with_no_conversions_and_no_errors" executed="True" result="Success" success="True" time="0.004" asserts="9" />
                          <test-case name="Storyteller.Core.Testing.Grammars.LinePlanTester.run_puts_the_position_on_the_result_happy_path" executed="True" result="Success" success="True" time="0.001" asserts="3" />
                          <test-case name="Storyteller.Core.Testing.Grammars.LinePlanTester.runs_all_the_delayed_conversions_before_performing_the_action" executed="True" result="Success" success="True" time="0.004" asserts="2" />
                          <test-case name="Storyteller.Core.Testing.Grammars.LinePlanTester.when_there_are_conversion_errors_a_head_of_time" executed="True" result="Success" success="True" time="0.012" asserts="8" />
                          <test-case name="Storyteller.Core.Testing.Grammars.LinePlanTester.when_there_are_errors_in_the_runtime_conversion" executed="True" result="Success" success="True" time="0.001" asserts="4" />
                        </results>
                      </test-suite>
                      <test-suite type="Namespace" name="Lines" executed="True" result="Success" success="True" time="0.030" asserts="0">
                        <results>
                          <test-suite type="TestFixture" name="ActionGrammarTester" executed="True" result="Success" success="True" time="0.028" asserts="0">
                            <results>
                              <test-case name="Storyteller.Core.Testing.Grammars.Lines.ActionGrammarTester.build_out_the_grammar_model" executed="True" result="Success" success="True" time="0.001" asserts="5" />
                              <test-case name="Storyteller.Core.Testing.Grammars.Lines.ActionGrammarTester.execute_delegates" executed="True" result="Success" success="True" time="0.023" asserts="0" />
                            </results>
                          </test-suite>
                        </results>
                      </test-suite>
                      <test-suite type="Namespace" name="Reflection" executed="True" result="Success" success="True" time="0.076" asserts="0">
                        <results>
                          <test-suite type="TestFixture" name="ActionMethodGrammarTester" executed="True" result="Success" success="True" time="0.032" asserts="0">
                            <results>
                              <test-case name="Storyteller.Core.Testing.Grammars.Reflection.ActionMethodGrammarTester.execute" executed="True" result="Success" success="True" time="0.020" asserts="6" />
                              <test-case name="Storyteller.Core.Testing.Grammars.Reflection.ActionMethodGrammarTester.select_default_format" executed="True" result="Success" success="True" time="0.001" asserts="3" />
                              <test-case name="Storyteller.Core.Testing.Grammars.Reflection.ActionMethodGrammarTester.select_format_by_names" executed="True" result="Success" success="True" time="0.002" asserts="3" />
                            </results>
                          </test-suite>
                          <test-suite type="TestFixture" name="MethodInvocationTester" executed="True" result="Success" success="True" time="0.011" asserts="0">
                            <results>
                              <test-case name="Storyteller.Core.Testing.Grammars.Reflection.MethodInvocationTester.execute" executed="True" result="Success" success="True" time="0.004" asserts="3" />
                              <test-case name="Storyteller.Core.Testing.Grammars.Reflection.MethodInvocationTester.invoke_with_return_value" executed="True" result="Success" success="True" time="0.002" asserts="1" />
                            </results>
                          </test-suite>
                          <test-suite type="TestFixture" name="ValueCheckMethodTester" executed="True" result="Success" success="True" time="0.026" asserts="0">
                            <results>
                              <test-case name="Storyteller.Core.Testing.Grammars.Reflection.ValueCheckMethodTester.derived_format_has_the_return_value_too" executed="True" result="Success" success="True" time="0.003" asserts="3" />
                              <test-case name="Storyteller.Core.Testing.Grammars.Reflection.ValueCheckMethodTester.execute_happy" executed="True" result="Success" success="True" time="0.003" asserts="2" />
                              <test-case name="Storyteller.Core.Testing.Grammars.Reflection.ValueCheckMethodTester.execute_sad" executed="True" result="Success" success="True" time="0.002" asserts="3" />
                              <test-case name="Storyteller.Core.Testing.Grammars.Reflection.ValueCheckMethodTester.format_from_attribute_if_it_exists" executed="True" result="Success" success="True" time="0.002" asserts="3" />
                              <test-case name="Storyteller.Core.Testing.Grammars.Reflection.ValueCheckMethodTester.select_return_att_name_by_default" executed="True" result="Success" success="True" time="0.001" asserts="2" />
                              <test-case name="Storyteller.Core.Testing.Grammars.Reflection.ValueCheckMethodTester.select_return_att_name_by_explicit_attribute" executed="True" result="Success" success="True" time="0.001" asserts="2" />
                              <test-case name="Storyteller.Core.Testing.Grammars.Reflection.ValueCheckMethodTester.select_return_att_name_by_last_key" executed="True" result="Success" success="True" time="0.001" asserts="2" />
                              <test-case name="Storyteller.Core.Testing.Grammars.Reflection.ValueCheckMethodTester.the_return_cell_is_marked_as_output" executed="True" result="Success" success="True" time="0.001" asserts="1" />
                            </results>
                          </test-suite>
                        </results>
                      </test-suite>
                      <test-suite type="Namespace" name="Sets" executed="True" result="Failure" success="False" time="0.159" asserts="0">
                        <results>
                          <test-suite type="TestFixture" name="ObjectComparisonTester" executed="True" result="Success" success="True" time="0.033" asserts="0">
                            <results>
                              <test-case name="Storyteller.Core.Testing.Grammars.Sets.ObjectComparisonTester.build_cells" executed="True" result="Success" success="True" time="0.017" asserts="12" />
                              <test-case name="Storyteller.Core.Testing.Grammars.Sets.ObjectComparisonTester.fetch" executed="True" result="Success" success="True" time="0.011" asserts="4" />
                            </results>
                          </test-suite>
                          <test-suite type="TestFixture" name="SetVerificationResultTester" executed="True" result="Success" success="True" time="0.010" asserts="0">
                            <results>
                              <test-case name="Storyteller.Core.Testing.Grammars.Sets.SetVerificationResultTester.tabulate_extras" executed="True" result="Success" success="True" time="0.002" asserts="1" />
                              <test-case name="Storyteller.Core.Testing.Grammars.Sets.SetVerificationResultTester.tabulate_matches" executed="True" result="Success" success="True" time="0.001" asserts="1" />
                              <test-case name="Storyteller.Core.Testing.Grammars.Sets.SetVerificationResultTester.tabulate_missing" executed="True" result="Success" success="True" time="0.001" asserts="1" />
                              <test-case name="Storyteller.Core.Testing.Grammars.Sets.SetVerificationResultTester.tabulate_out_of_orders" executed="True" result="Success" success="True" time="0.001" asserts="1" />
                            </results>
                          </test-suite>
                          <test-suite type="TestFixture" name="string_list_verification_specs" executed="True" result="Failure" success="False" time="0.059" asserts="0">
                            <results>
                              <test-case name="Storyteller.Core.Testing.Grammars.Sets.string_list_verification_specs.an_extra_a_missing_and_some_rights" executed="True" result="Error" success="False" time="0.004" asserts="0">
                                <failure>
                                  <message><![CDATA[System.AggregateException : One or more errors occurred.
  ----> System.AggregateException : One or more errors occurred.
  ----> System.Reflection.TargetInvocationException : Exception has been thrown by the target of an invocation.
  ----> System.NotImplementedException : The method or operation is not implemented.]]></message>
                                  <stack-trace><![CDATA[at System.Threading.Tasks.Task.Wait(Int32 millisecondsTimeout, CancellationToken cancellationToken)
at System.Threading.Tasks.Task.Wait()
at Storyteller.Core.Testing.TestingContext.get_Library() in c:\code\storyteller\src\Storyteller.Core.Testing\TestingContext.cs:line 16
at Storyteller.Core.Testing.SpecRunningContext.execute(String text) in c:\code\storyteller\src\Storyteller.Core.Testing\SpecRunningContext.cs:line 36
at Storyteller.Core.Testing.Grammars.Sets.string_list_verification_specs.an_extra_a_missing_and_some_rights() in c:\code\storyteller\src\Storyteller.Core.Testing\Grammars\Sets\string_list_verification_specs.cs:line 116
--AggregateException
at System.Threading.Tasks.Task`1.GetResultCore(Boolean waitCompletionNotification)
at Storyteller.Core.Model.FixtureLibrary.<CreateForAppDomain>b__2(Task`1 results) in c:\code\storyteller\src\Storyteller.Core\Model\FixtureLibrary.cs:line 60
at System.Threading.Tasks.ContinuationResultTaskFromResultTask`2.InnerInvoke()
at System.Threading.Tasks.Task.Execute()
--TargetInvocationException
at System.RuntimeTypeHandle.CreateInstance(RuntimeType type, Boolean publicOnly, Boolean noCheck, Boolean& canBeCached, RuntimeMethodHandleInternal& ctor, Boolean& bNeedSecurityCheck)
at System.RuntimeType.CreateInstanceSlow(Boolean publicOnly, Boolean skipCheckThis, Boolean fillCache, StackCrawlMark& stackMark)
at System.RuntimeType.CreateInstanceDefaultCtor(Boolean publicOnly, Boolean skipCheckThis, Boolean fillCache, StackCrawlMark& stackMark)
at System.Activator.CreateInstance(Type type, Boolean nonPublic)
at System.Activator.CreateInstance(Type type)
at Storyteller.Core.Model.FixtureLibrary.CreateCompiledFixture(CellHandling cellHandling, Type type) in c:\code\storyteller\src\Storyteller.Core\Model\FixtureLibrary.cs:line 74
at Storyteller.Core.Model.FixtureLibrary.<>c__DisplayClass5.<>c__DisplayClass7.<CreateForAppDomain>b__1() in c:\code\storyteller\src\Storyteller.Core\Model\FixtureLibrary.cs:line 52
at System.Threading.Tasks.Task`1.InnerInvoke()
at System.Threading.Tasks.Task.Execute()
--NotImplementedException
at StoryTeller.DSL.ObjectConstructionExpression`1.SetProperty(Expression`1 expression) in c:\code\storyteller\src\Storyteller.Core\DSL\ObjectConstructionExpression.cs:line 47
at Storyteller.Core.Testing.Samples.Fixtures.SetsFixture.<.ctor>b__4(ObjectConstructionExpression`1 x) in c:\code\storyteller\src\Storyteller.Core.Testing\Samples\Fixtures\SetsFixture.cs:line 84
at Storyteller.Core.Fixture.CreateObject[T](String title, Action`1 action) in c:\code\storyteller\src\Storyteller.Core\Fixture.cs:line 331
at Storyteller.Core.Fixture.CreateNewObject[T](Action`1 action) in c:\code\storyteller\src\Storyteller.Core\Fixture.cs:line 347
at Storyteller.Core.Testing.Samples.Fixtures.SetsFixture..ctor() in c:\code\storyteller\src\Storyteller.Core.Testing\Samples\Fixtures\SetsFixture.cs:line 81
]]></stack-trace>
                                </failure>
                              </test-case>
                              <test-case name="Storyteller.Core.Testing.Grammars.Sets.string_list_verification_specs.exact_match_by_func_on_context" executed="True" result="Error" success="False" time="0.003" asserts="0">
                                <failure>
                                  <message><![CDATA[System.AggregateException : One or more errors occurred.
  ----> System.AggregateException : One or more errors occurred.
  ----> System.Reflection.TargetInvocationException : Exception has been thrown by the target of an invocation.
  ----> System.NotImplementedException : The method or operation is not implemented.]]></message>
                                  <stack-trace><![CDATA[at System.Threading.Tasks.Task.Wait(Int32 millisecondsTimeout, CancellationToken cancellationToken)
at System.Threading.Tasks.Task.Wait()
at Storyteller.Core.Testing.TestingContext.get_Library() in c:\code\storyteller\src\Storyteller.Core.Testing\TestingContext.cs:line 16
at Storyteller.Core.Testing.SpecRunningContext.execute(String text) in c:\code\storyteller\src\Storyteller.Core.Testing\SpecRunningContext.cs:line 36
at Storyteller.Core.Testing.Grammars.Sets.string_list_verification_specs.exact_match_by_func_on_context() in c:\code\storyteller\src\Storyteller.Core.Testing\Grammars\Sets\string_list_verification_specs.cs:line 138
--AggregateException
at System.Threading.Tasks.Task`1.GetResultCore(Boolean waitCompletionNotification)
at Storyteller.Core.Model.FixtureLibrary.<CreateForAppDomain>b__2(Task`1 results) in c:\code\storyteller\src\Storyteller.Core\Model\FixtureLibrary.cs:line 60
at System.Threading.Tasks.ContinuationResultTaskFromResultTask`2.InnerInvoke()
at System.Threading.Tasks.Task.Execute()
--TargetInvocationException
at System.RuntimeTypeHandle.CreateInstance(RuntimeType type, Boolean publicOnly, Boolean noCheck, Boolean& canBeCached, RuntimeMethodHandleInternal& ctor, Boolean& bNeedSecurityCheck)
at System.RuntimeType.CreateInstanceSlow(Boolean publicOnly, Boolean skipCheckThis, Boolean fillCache, StackCrawlMark& stackMark)
at System.RuntimeType.CreateInstanceDefaultCtor(Boolean publicOnly, Boolean skipCheckThis, Boolean fillCache, StackCrawlMark& stackMark)
at System.Activator.CreateInstance(Type type, Boolean nonPublic)
at System.Activator.CreateInstance(Type type)
at Storyteller.Core.Model.FixtureLibrary.CreateCompiledFixture(CellHandling cellHandling, Type type) in c:\code\storyteller\src\Storyteller.Core\Model\FixtureLibrary.cs:line 74
at Storyteller.Core.Model.FixtureLibrary.<>c__DisplayClass5.<>c__DisplayClass7.<CreateForAppDomain>b__1() in c:\code\storyteller\src\Storyteller.Core\Model\FixtureLibrary.cs:line 52
at System.Threading.Tasks.Task`1.InnerInvoke()
at System.Threading.Tasks.Task.Execute()
--NotImplementedException
at StoryTeller.DSL.ObjectConstructionExpression`1.SetProperty(Expression`1 expression) in c:\code\storyteller\src\Storyteller.Core\DSL\ObjectConstructionExpression.cs:line 47
at Storyteller.Core.Testing.Samples.Fixtures.SetsFixture.<.ctor>b__4(ObjectConstructionExpression`1 x) in c:\code\storyteller\src\Storyteller.Core.Testing\Samples\Fixtures\SetsFixture.cs:line 84
at Storyteller.Core.Fixture.CreateObject[T](String title, Action`1 action) in c:\code\storyteller\src\Storyteller.Core\Fixture.cs:line 331
at Storyteller.Core.Fixture.CreateNewObject[T](Action`1 action) in c:\code\storyteller\src\Storyteller.Core\Fixture.cs:line 347
at Storyteller.Core.Testing.Samples.Fixtures.SetsFixture..ctor() in c:\code\storyteller\src\Storyteller.Core.Testing\Samples\Fixtures\SetsFixture.cs:line 81
]]></stack-trace>
                                </failure>
                              </test-case>
                              <test-case name="Storyteller.Core.Testing.Grammars.Sets.string_list_verification_specs.exact_match_by_service" executed="True" result="Error" success="False" time="0.003" asserts="0">
                                <failure>
                                  <message><![CDATA[System.AggregateException : One or more errors occurred.
  ----> System.AggregateException : One or more errors occurred.
  ----> System.Reflection.TargetInvocationException : Exception has been thrown by the target of an invocation.
  ----> System.NotImplementedException : The method or operation is not implemented.]]></message>
                                  <stack-trace><![CDATA[at System.Threading.Tasks.Task.Wait(Int32 millisecondsTimeout, CancellationToken cancellationToken)
at System.Threading.Tasks.Task.Wait()
at Storyteller.Core.Testing.TestingContext.get_Library() in c:\code\storyteller\src\Storyteller.Core.Testing\TestingContext.cs:line 16
at Storyteller.Core.Testing.SpecRunningContext.execute(String text) in c:\code\storyteller\src\Storyteller.Core.Testing\SpecRunningContext.cs:line 36
at Storyteller.Core.Testing.Grammars.Sets.string_list_verification_specs.exact_match_by_service() in c:\code\storyteller\src\Storyteller.Core.Testing\Grammars\Sets\string_list_verification_specs.cs:line 154
--AggregateException
at System.Threading.Tasks.Task`1.GetResultCore(Boolean waitCompletionNotification)
at Storyteller.Core.Model.FixtureLibrary.<CreateForAppDomain>b__2(Task`1 results) in c:\code\storyteller\src\Storyteller.Core\Model\FixtureLibrary.cs:line 60
at System.Threading.Tasks.ContinuationResultTaskFromResultTask`2.InnerInvoke()
at System.Threading.Tasks.Task.Execute()
--TargetInvocationException
at System.RuntimeTypeHandle.CreateInstance(RuntimeType type, Boolean publicOnly, Boolean noCheck, Boolean& canBeCached, RuntimeMethodHandleInternal& ctor, Boolean& bNeedSecurityCheck)
at System.RuntimeType.CreateInstanceSlow(Boolean publicOnly, Boolean skipCheckThis, Boolean fillCache, StackCrawlMark& stackMark)
at System.RuntimeType.CreateInstanceDefaultCtor(Boolean publicOnly, Boolean skipCheckThis, Boolean fillCache, StackCrawlMark& stackMark)
at System.Activator.CreateInstance(Type type, Boolean nonPublic)
at System.Activator.CreateInstance(Type type)
at Storyteller.Core.Model.FixtureLibrary.CreateCompiledFixture(CellHandling cellHandling, Type type) in c:\code\storyteller\src\Storyteller.Core\Model\FixtureLibrary.cs:line 74
at Storyteller.Core.Model.FixtureLibrary.<>c__DisplayClass5.<>c__DisplayClass7.<CreateForAppDomain>b__1() in c:\code\storyteller\src\Storyteller.Core\Model\FixtureLibrary.cs:line 52
at System.Threading.Tasks.Task`1.InnerInvoke()
at System.Threading.Tasks.Task.Execute()
--NotImplementedException
at StoryTeller.DSL.ObjectConstructionExpression`1.SetProperty(Expression`1 expression) in c:\code\storyteller\src\Storyteller.Core\DSL\ObjectConstructionExpression.cs:line 47
at Storyteller.Core.Testing.Samples.Fixtures.SetsFixture.<.ctor>b__4(ObjectConstructionExpression`1 x) in c:\code\storyteller\src\Storyteller.Core.Testing\Samples\Fixtures\SetsFixture.cs:line 84
at Storyteller.Core.Fixture.CreateObject[T](String title, Action`1 action) in c:\code\storyteller\src\Storyteller.Core\Fixture.cs:line 331
at Storyteller.Core.Fixture.CreateNewObject[T](Action`1 action) in c:\code\storyteller\src\Storyteller.Core\Fixture.cs:line 347
at Storyteller.Core.Testing.Samples.Fixtures.SetsFixture..ctor() in c:\code\storyteller\src\Storyteller.Core.Testing\Samples\Fixtures\SetsFixture.cs:line 81
]]></stack-trace>
                                </failure>
                              </test-case>
                              <test-case name="Storyteller.Core.Testing.Grammars.Sets.string_list_verification_specs.exact_match_by_simple" executed="True" result="Error" success="False" time="0.002" asserts="0">
                                <failure>
                                  <message><![CDATA[System.AggregateException : One or more errors occurred.
  ----> System.AggregateException : One or more errors occurred.
  ----> System.Reflection.TargetInvocationException : Exception has been thrown by the target of an invocation.
  ----> System.NotImplementedException : The method or operation is not implemented.]]></message>
                                  <stack-trace><![CDATA[at System.Threading.Tasks.Task.Wait(Int32 millisecondsTimeout, CancellationToken cancellationToken)
at System.Threading.Tasks.Task.Wait()
at Storyteller.Core.Testing.TestingContext.get_Library() in c:\code\storyteller\src\Storyteller.Core.Testing\TestingContext.cs:line 16
at Storyteller.Core.Testing.SpecRunningContext.execute(String text) in c:\code\storyteller\src\Storyteller.Core.Testing\SpecRunningContext.cs:line 36
at Storyteller.Core.Testing.Grammars.Sets.string_list_verification_specs.exact_match_by_simple() in c:\code\storyteller\src\Storyteller.Core.Testing\Grammars\Sets\string_list_verification_specs.cs:line 23
--AggregateException
at System.Threading.Tasks.Task`1.GetResultCore(Boolean waitCompletionNotification)
at Storyteller.Core.Model.FixtureLibrary.<CreateForAppDomain>b__2(Task`1 results) in c:\code\storyteller\src\Storyteller.Core\Model\FixtureLibrary.cs:line 60
at System.Threading.Tasks.ContinuationResultTaskFromResultTask`2.InnerInvoke()
at System.Threading.Tasks.Task.Execute()
--TargetInvocationException
at System.RuntimeTypeHandle.CreateInstance(RuntimeType type, Boolean publicOnly, Boolean noCheck, Boolean& canBeCached, RuntimeMethodHandleInternal& ctor, Boolean& bNeedSecurityCheck)
at System.RuntimeType.CreateInstanceSlow(Boolean publicOnly, Boolean skipCheckThis, Boolean fillCache, StackCrawlMark& stackMark)
at System.RuntimeType.CreateInstanceDefaultCtor(Boolean publicOnly, Boolean skipCheckThis, Boolean fillCache, StackCrawlMark& stackMark)
at System.Activator.CreateInstance(Type type, Boolean nonPublic)
at System.Activator.CreateInstance(Type type)
at Storyteller.Core.Model.FixtureLibrary.CreateCompiledFixture(CellHandling cellHandling, Type type) in c:\code\storyteller\src\Storyteller.Core\Model\FixtureLibrary.cs:line 74
at Storyteller.Core.Model.FixtureLibrary.<>c__DisplayClass5.<>c__DisplayClass7.<CreateForAppDomain>b__1() in c:\code\storyteller\src\Storyteller.Core\Model\FixtureLibrary.cs:line 52
at System.Threading.Tasks.Task`1.InnerInvoke()
at System.Threading.Tasks.Task.Execute()
--NotImplementedException
at StoryTeller.DSL.ObjectConstructionExpression`1.SetProperty(Expression`1 expression) in c:\code\storyteller\src\Storyteller.Core\DSL\ObjectConstructionExpression.cs:line 47
at Storyteller.Core.Testing.Samples.Fixtures.SetsFixture.<.ctor>b__4(ObjectConstructionExpression`1 x) in c:\code\storyteller\src\Storyteller.Core.Testing\Samples\Fixtures\SetsFixture.cs:line 84
at Storyteller.Core.Fixture.CreateObject[T](String title, Action`1 action) in c:\code\storyteller\src\Storyteller.Core\Fixture.cs:line 331
at Storyteller.Core.Fixture.CreateNewObject[T](Action`1 action) in c:\code\storyteller\src\Storyteller.Core\Fixture.cs:line 347
at Storyteller.Core.Testing.Samples.Fixtures.SetsFixture..ctor() in c:\code\storyteller\src\Storyteller.Core.Testing\Samples\Fixtures\SetsFixture.cs:line 81
]]></stack-trace>
                                </failure>
                              </test-case>
                              <test-case name="Storyteller.Core.Testing.Grammars.Sets.string_list_verification_specs.exact_match_by_simple_ordered" executed="True" result="Error" success="False" time="0.003" asserts="0">
                                <failure>
                                  <message><![CDATA[System.AggregateException : One or more errors occurred.
  ----> System.AggregateException : One or more errors occurred.
  ----> System.Reflection.TargetInvocationException : Exception has been thrown by the target of an invocation.
  ----> System.NotImplementedException : The method or operation is not implemented.]]></message>
                                  <stack-trace><![CDATA[at System.Threading.Tasks.Task.Wait(Int32 millisecondsTimeout, CancellationToken cancellationToken)
at System.Threading.Tasks.Task.Wait()
at Storyteller.Core.Testing.TestingContext.get_Library() in c:\code\storyteller\src\Storyteller.Core.Testing\TestingContext.cs:line 16
at Storyteller.Core.Testing.SpecRunningContext.execute(String text) in c:\code\storyteller\src\Storyteller.Core.Testing\SpecRunningContext.cs:line 36
at Storyteller.Core.Testing.Grammars.Sets.string_list_verification_specs.exact_match_by_simple_ordered() in c:\code\storyteller\src\Storyteller.Core.Testing\Grammars\Sets\string_list_verification_specs.cs:line 43
--AggregateException
at System.Threading.Tasks.Task`1.GetResultCore(Boolean waitCompletionNotification)
at Storyteller.Core.Model.FixtureLibrary.<CreateForAppDomain>b__2(Task`1 results) in c:\code\storyteller\src\Storyteller.Core\Model\FixtureLibrary.cs:line 60
at System.Threading.Tasks.ContinuationResultTaskFromResultTask`2.InnerInvoke()
at System.Threading.Tasks.Task.Execute()
--TargetInvocationException
at System.RuntimeTypeHandle.CreateInstance(RuntimeType type, Boolean publicOnly, Boolean noCheck, Boolean& canBeCached, RuntimeMethodHandleInternal& ctor, Boolean& bNeedSecurityCheck)
at System.RuntimeType.CreateInstanceSlow(Boolean publicOnly, Boolean skipCheckThis, Boolean fillCache, StackCrawlMark& stackMark)
at System.RuntimeType.CreateInstanceDefaultCtor(Boolean publicOnly, Boolean skipCheckThis, Boolean fillCache, StackCrawlMark& stackMark)
at System.Activator.CreateInstance(Type type, Boolean nonPublic)
at System.Activator.CreateInstance(Type type)
at Storyteller.Core.Model.FixtureLibrary.CreateCompiledFixture(CellHandling cellHandling, Type type) in c:\code\storyteller\src\Storyteller.Core\Model\FixtureLibrary.cs:line 74
at Storyteller.Core.Model.FixtureLibrary.<>c__DisplayClass5.<>c__DisplayClass7.<CreateForAppDomain>b__1() in c:\code\storyteller\src\Storyteller.Core\Model\FixtureLibrary.cs:line 52
at System.Threading.Tasks.Task`1.InnerInvoke()
at System.Threading.Tasks.Task.Execute()
--NotImplementedException
at StoryTeller.DSL.ObjectConstructionExpression`1.SetProperty(Expression`1 expression) in c:\code\storyteller\src\Storyteller.Core\DSL\ObjectConstructionExpression.cs:line 47
at Storyteller.Core.Testing.Samples.Fixtures.SetsFixture.<.ctor>b__4(ObjectConstructionExpression`1 x) in c:\code\storyteller\src\Storyteller.Core.Testing\Samples\Fixtures\SetsFixture.cs:line 84
at Storyteller.Core.Fixture.CreateObject[T](String title, Action`1 action) in c:\code\storyteller\src\Storyteller.Core\Fixture.cs:line 331
at Storyteller.Core.Fixture.CreateNewObject[T](Action`1 action) in c:\code\storyteller\src\Storyteller.Core\Fixture.cs:line 347
at Storyteller.Core.Testing.Samples.Fixtures.SetsFixture..ctor() in c:\code\storyteller\src\Storyteller.Core.Testing\Samples\Fixtures\SetsFixture.cs:line 81
]]></stack-trace>
                                </failure>
                              </test-case>
                              <test-case name="Storyteller.Core.Testing.Grammars.Sets.string_list_verification_specs.exact_match_by_simple_ordered_missing_and_extra" executed="True" result="Error" success="False" time="0.006" asserts="0">
                                <failure>
                                  <message><![CDATA[System.AggregateException : One or more errors occurred.
  ----> System.AggregateException : One or more errors occurred.
  ----> System.Reflection.TargetInvocationException : Exception has been thrown by the target of an invocation.
  ----> System.NotImplementedException : The method or operation is not implemented.]]></message>
                                  <stack-trace><![CDATA[at System.Threading.Tasks.Task.Wait(Int32 millisecondsTimeout, CancellationToken cancellationToken)
at System.Threading.Tasks.Task.Wait()
at Storyteller.Core.Testing.TestingContext.get_Library() in c:\code\storyteller\src\Storyteller.Core.Testing\TestingContext.cs:line 16
at Storyteller.Core.Testing.SpecRunningContext.execute(String text) in c:\code\storyteller\src\Storyteller.Core.Testing\SpecRunningContext.cs:line 36
at Storyteller.Core.Testing.Grammars.Sets.string_list_verification_specs.exact_match_by_simple_ordered_missing_and_extra() in c:\code\storyteller\src\Storyteller.Core.Testing\Grammars\Sets\string_list_verification_specs.cs:line 90
--AggregateException
at System.Threading.Tasks.Task`1.GetResultCore(Boolean waitCompletionNotification)
at Storyteller.Core.Model.FixtureLibrary.<CreateForAppDomain>b__2(Task`1 results) in c:\code\storyteller\src\Storyteller.Core\Model\FixtureLibrary.cs:line 60
at System.Threading.Tasks.ContinuationResultTaskFromResultTask`2.InnerInvoke()
at System.Threading.Tasks.Task.Execute()
--TargetInvocationException
at System.RuntimeTypeHandle.CreateInstance(RuntimeType type, Boolean publicOnly, Boolean noCheck, Boolean& canBeCached, RuntimeMethodHandleInternal& ctor, Boolean& bNeedSecurityCheck)
at System.RuntimeType.CreateInstanceSlow(Boolean publicOnly, Boolean skipCheckThis, Boolean fillCache, StackCrawlMark& stackMark)
at System.RuntimeType.CreateInstanceDefaultCtor(Boolean publicOnly, Boolean skipCheckThis, Boolean fillCache, StackCrawlMark& stackMark)
at System.Activator.CreateInstance(Type type, Boolean nonPublic)
at System.Activator.CreateInstance(Type type)
at Storyteller.Core.Model.FixtureLibrary.CreateCompiledFixture(CellHandling cellHandling, Type type) in c:\code\storyteller\src\Storyteller.Core\Model\FixtureLibrary.cs:line 74
at Storyteller.Core.Model.FixtureLibrary.<>c__DisplayClass5.<>c__DisplayClass7.<CreateForAppDomain>b__1() in c:\code\storyteller\src\Storyteller.Core\Model\FixtureLibrary.cs:line 52
at System.Threading.Tasks.Task`1.InnerInvoke()
at System.Threading.Tasks.Task.Execute()
--NotImplementedException
at StoryTeller.DSL.ObjectConstructionExpression`1.SetProperty(Expression`1 expression) in c:\code\storyteller\src\Storyteller.Core\DSL\ObjectConstructionExpression.cs:line 47
at Storyteller.Core.Testing.Samples.Fixtures.SetsFixture.<.ctor>b__4(ObjectConstructionExpression`1 x) in c:\code\storyteller\src\Storyteller.Core.Testing\Samples\Fixtures\SetsFixture.cs:line 84
at Storyteller.Core.Fixture.CreateObject[T](String title, Action`1 action) in c:\code\storyteller\src\Storyteller.Core\Fixture.cs:line 331
at Storyteller.Core.Fixture.CreateNewObject[T](Action`1 action) in c:\code\storyteller\src\Storyteller.Core\Fixture.cs:line 347
at Storyteller.Core.Testing.Samples.Fixtures.SetsFixture..ctor() in c:\code\storyteller\src\Storyteller.Core.Testing\Samples\Fixtures\SetsFixture.cs:line 81
]]></stack-trace>
                                </failure>
                              </test-case>
                              <test-case name="Storyteller.Core.Testing.Grammars.Sets.string_list_verification_specs.exact_match_by_simple_ordered_out_of_order" executed="True" result="Error" success="False" time="0.003" asserts="0">
                                <failure>
                                  <message><![CDATA[System.AggregateException : One or more errors occurred.
  ----> System.AggregateException : One or more errors occurred.
  ----> System.Reflection.TargetInvocationException : Exception has been thrown by the target of an invocation.
  ----> System.NotImplementedException : The method or operation is not implemented.]]></message>
                                  <stack-trace><![CDATA[at System.Threading.Tasks.Task.Wait(Int32 millisecondsTimeout, CancellationToken cancellationToken)
at System.Threading.Tasks.Task.Wait()
at Storyteller.Core.Testing.TestingContext.get_Library() in c:\code\storyteller\src\Storyteller.Core.Testing\TestingContext.cs:line 16
at Storyteller.Core.Testing.SpecRunningContext.execute(String text) in c:\code\storyteller\src\Storyteller.Core.Testing\SpecRunningContext.cs:line 36
at Storyteller.Core.Testing.Grammars.Sets.string_list_verification_specs.exact_match_by_simple_ordered_out_of_order() in c:\code\storyteller\src\Storyteller.Core.Testing\Grammars\Sets\string_list_verification_specs.cs:line 63
--AggregateException
at System.Threading.Tasks.Task`1.GetResultCore(Boolean waitCompletionNotification)
at Storyteller.Core.Model.FixtureLibrary.<CreateForAppDomain>b__2(Task`1 results) in c:\code\storyteller\src\Storyteller.Core\Model\FixtureLibrary.cs:line 60
at System.Threading.Tasks.ContinuationResultTaskFromResultTask`2.InnerInvoke()
at System.Threading.Tasks.Task.Execute()
--TargetInvocationException
at System.RuntimeTypeHandle.CreateInstance(RuntimeType type, Boolean publicOnly, Boolean noCheck, Boolean& canBeCached, RuntimeMethodHandleInternal& ctor, Boolean& bNeedSecurityCheck)
at System.RuntimeType.CreateInstanceSlow(Boolean publicOnly, Boolean skipCheckThis, Boolean fillCache, StackCrawlMark& stackMark)
at System.RuntimeType.CreateInstanceDefaultCtor(Boolean publicOnly, Boolean skipCheckThis, Boolean fillCache, StackCrawlMark& stackMark)
at System.Activator.CreateInstance(Type type, Boolean nonPublic)
at System.Activator.CreateInstance(Type type)
at Storyteller.Core.Model.FixtureLibrary.CreateCompiledFixture(CellHandling cellHandling, Type type) in c:\code\storyteller\src\Storyteller.Core\Model\FixtureLibrary.cs:line 74
at Storyteller.Core.Model.FixtureLibrary.<>c__DisplayClass5.<>c__DisplayClass7.<CreateForAppDomain>b__1() in c:\code\storyteller\src\Storyteller.Core\Model\FixtureLibrary.cs:line 52
at System.Threading.Tasks.Task`1.InnerInvoke()
at System.Threading.Tasks.Task.Execute()
--NotImplementedException
at StoryTeller.DSL.ObjectConstructionExpression`1.SetProperty(Expression`1 expression) in c:\code\storyteller\src\Storyteller.Core\DSL\ObjectConstructionExpression.cs:line 47
at Storyteller.Core.Testing.Samples.Fixtures.SetsFixture.<.ctor>b__4(ObjectConstructionExpression`1 x) in c:\code\storyteller\src\Storyteller.Core.Testing\Samples\Fixtures\SetsFixture.cs:line 84
at Storyteller.Core.Fixture.CreateObject[T](String title, Action`1 action) in c:\code\storyteller\src\Storyteller.Core\Fixture.cs:line 331
at Storyteller.Core.Fixture.CreateNewObject[T](Action`1 action) in c:\code\storyteller\src\Storyteller.Core\Fixture.cs:line 347
at Storyteller.Core.Testing.Samples.Fixtures.SetsFixture..ctor() in c:\code\storyteller\src\Storyteller.Core.Testing\Samples\Fixtures\SetsFixture.cs:line 81
]]></stack-trace>
                                </failure>
                              </test-case>
                            </results>
                          </test-suite>
                          <test-suite type="TestFixture" name="StringListComparisonTester" executed="True" result="Success" success="True" time="0.008" asserts="0">
                            <results>
                              <test-case name="Storyteller.Core.Testing.Grammars.Sets.StringListComparisonTester.build_cells" executed="True" result="Success" success="True" time="0.001" asserts="2" />
                              <test-case name="Storyteller.Core.Testing.Grammars.Sets.StringListComparisonTester.fetch" executed="True" result="Success" success="True" time="0.004" asserts="6" />
                            </results>
                          </test-suite>
                          <test-suite type="TestFixture" name="UnorderedSetMatcherTester" executed="True" result="Success" success="True" time="0.035" asserts="0">
                            <results>
                              <test-case name="Storyteller.Core.Testing.Grammars.Sets.UnorderedSetMatcherTester.exact_match" executed="True" result="Success" success="True" time="0.011" asserts="8" />
                              <test-case name="Storyteller.Core.Testing.Grammars.Sets.UnorderedSetMatcherTester.one_extra" executed="True" result="Success" success="True" time="0.001" asserts="9" />
                              <test-case name="Storyteller.Core.Testing.Grammars.Sets.UnorderedSetMatcherTester.one_extra_unordered" executed="True" result="Success" success="True" time="0.008" asserts="9" />
                              <test-case name="Storyteller.Core.Testing.Grammars.Sets.UnorderedSetMatcherTester.one_missing" executed="True" result="Success" success="True" time="0.001" asserts="7" />
                              <test-case name="Storyteller.Core.Testing.Grammars.Sets.UnorderedSetMatcherTester.one_missing_un_ordered" executed="True" result="Success" success="True" time="0.000" asserts="7" />
                              <test-case name="Storyteller.Core.Testing.Grammars.Sets.UnorderedSetMatcherTester.unordered_but_still_matching" executed="True" result="Success" success="True" time="0.001" asserts="8" />
                            </results>
                          </test-suite>
                        </results>
                      </test-suite>
                      <test-suite type="TestFixture" name="SilentActionTester" executed="True" result="Success" success="True" time="0.015" asserts="0">
                        <results>
                          <test-case name="Storyteller.Core.Testing.Grammars.SilentActionTester.accept_visitor" executed="True" result="Success" success="True" time="0.002" asserts="0" />
                          <test-case name="Storyteller.Core.Testing.Grammars.SilentActionTester.exceptions_are_critical" executed="True" result="Success" success="True" time="0.005" asserts="1" />
                          <test-case name="Storyteller.Core.Testing.Grammars.SilentActionTester.execute_happy_path" executed="True" result="Success" success="True" time="0.001" asserts="1" />
                          <test-case name="Storyteller.Core.Testing.Grammars.SilentActionTester.execute_sad_path" executed="True" result="Success" success="True" time="0.001" asserts="6" />
                        </results>
                      </test-suite>
                      <test-suite type="TestFixture" name="SilentGrammarTester" executed="True" result="Success" success="True" time="0.006" asserts="0">
                        <results>
                          <test-case name="Storyteller.Core.Testing.Grammars.SilentGrammarTester.compile_just_returns_the_silent_flyweight" executed="True" result="Success" success="True" time="0.002" asserts="1" />
                          <test-case name="Storyteller.Core.Testing.Grammars.SilentGrammarTester.create_plan" executed="True" result="Success" success="True" time="0.002" asserts="5" />
                        </results>
                      </test-suite>
                      <test-suite type="Namespace" name="Tables" executed="True" result="Failure" success="False" time="0.025" asserts="0">
                        <results>
                          <test-suite type="TestFixture" name="TableGrammar_specs" executed="True" result="Failure" success="False" time="0.024" asserts="0">
                            <results>
                              <test-case name="Storyteller.Core.Testing.Grammars.Tables.TableGrammar_specs.run_from_attribute_marked_method_with_value_check" executed="True" result="Error" success="False" time="0.003" asserts="0">
                                <failure>
                                  <message><![CDATA[System.AggregateException : One or more errors occurred.
  ----> System.AggregateException : One or more errors occurred.
  ----> System.Reflection.TargetInvocationException : Exception has been thrown by the target of an invocation.
  ----> System.NotImplementedException : The method or operation is not implemented.]]></message>
                                  <stack-trace><![CDATA[at System.Threading.Tasks.Task.Wait(Int32 millisecondsTimeout, CancellationToken cancellationToken)
at System.Threading.Tasks.Task.Wait()
at Storyteller.Core.Testing.TestingContext.get_Library() in c:\code\storyteller\src\Storyteller.Core.Testing\TestingContext.cs:line 16
at Storyteller.Core.Testing.SpecRunningContext.execute(String text) in c:\code\storyteller\src\Storyteller.Core.Testing\SpecRunningContext.cs:line 36
at Storyteller.Core.Testing.Grammars.Tables.TableGrammar_specs.run_from_attribute_marked_method_with_value_check() in c:\code\storyteller\src\Storyteller.Core.Testing\Grammars\Tables\TableGrammar_specs.cs:line 66
--AggregateException
at System.Threading.Tasks.Task`1.GetResultCore(Boolean waitCompletionNotification)
at Storyteller.Core.Model.FixtureLibrary.<CreateForAppDomain>b__2(Task`1 results) in c:\code\storyteller\src\Storyteller.Core\Model\FixtureLibrary.cs:line 60
at System.Threading.Tasks.ContinuationResultTaskFromResultTask`2.InnerInvoke()
at System.Threading.Tasks.Task.Execute()
--TargetInvocationException
at System.RuntimeTypeHandle.CreateInstance(RuntimeType type, Boolean publicOnly, Boolean noCheck, Boolean& canBeCached, RuntimeMethodHandleInternal& ctor, Boolean& bNeedSecurityCheck)
at System.RuntimeType.CreateInstanceSlow(Boolean publicOnly, Boolean skipCheckThis, Boolean fillCache, StackCrawlMark& stackMark)
at System.RuntimeType.CreateInstanceDefaultCtor(Boolean publicOnly, Boolean skipCheckThis, Boolean fillCache, StackCrawlMark& stackMark)
at System.Activator.CreateInstance(Type type, Boolean nonPublic)
at System.Activator.CreateInstance(Type type)
at Storyteller.Core.Model.FixtureLibrary.CreateCompiledFixture(CellHandling cellHandling, Type type) in c:\code\storyteller\src\Storyteller.Core\Model\FixtureLibrary.cs:line 74
at Storyteller.Core.Model.FixtureLibrary.<>c__DisplayClass5.<>c__DisplayClass7.<CreateForAppDomain>b__1() in c:\code\storyteller\src\Storyteller.Core\Model\FixtureLibrary.cs:line 52
at System.Threading.Tasks.Task`1.InnerInvoke()
at System.Threading.Tasks.Task.Execute()
--NotImplementedException
at StoryTeller.DSL.ObjectConstructionExpression`1.SetProperty(Expression`1 expression) in c:\code\storyteller\src\Storyteller.Core\DSL\ObjectConstructionExpression.cs:line 47
at Storyteller.Core.Testing.Samples.Fixtures.SetsFixture.<.ctor>b__4(ObjectConstructionExpression`1 x) in c:\code\storyteller\src\Storyteller.Core.Testing\Samples\Fixtures\SetsFixture.cs:line 84
at Storyteller.Core.Fixture.CreateObject[T](String title, Action`1 action) in c:\code\storyteller\src\Storyteller.Core\Fixture.cs:line 331
at Storyteller.Core.Fixture.CreateNewObject[T](Action`1 action) in c:\code\storyteller\src\Storyteller.Core\Fixture.cs:line 347
at Storyteller.Core.Testing.Samples.Fixtures.SetsFixture..ctor() in c:\code\storyteller\src\Storyteller.Core.Testing\Samples\Fixtures\SetsFixture.cs:line 81
]]></stack-trace>
                                </failure>
                              </test-case>
                              <test-case name="Storyteller.Core.Testing.Grammars.Tables.TableGrammar_specs.running_from_attribute_marked_action_method" executed="True" result="Error" success="False" time="0.001" asserts="0">
                                <failure>
                                  <message><![CDATA[System.AggregateException : One or more errors occurred.
  ----> System.AggregateException : One or more errors occurred.
  ----> System.Reflection.TargetInvocationException : Exception has been thrown by the target of an invocation.
  ----> System.NotImplementedException : The method or operation is not implemented.]]></message>
                                  <stack-trace><![CDATA[at System.Threading.Tasks.Task.Wait(Int32 millisecondsTimeout, CancellationToken cancellationToken)
at System.Threading.Tasks.Task.Wait()
at Storyteller.Core.Testing.TestingContext.get_Library() in c:\code\storyteller\src\Storyteller.Core.Testing\TestingContext.cs:line 16
at Storyteller.Core.Testing.SpecRunningContext.execute(String text) in c:\code\storyteller\src\Storyteller.Core.Testing\SpecRunningContext.cs:line 36
at Storyteller.Core.Testing.Grammars.Tables.TableGrammar_specs.running_from_attribute_marked_action_method() in c:\code\storyteller\src\Storyteller.Core.Testing\Grammars\Tables\TableGrammar_specs.cs:line 49
--AggregateException
at System.Threading.Tasks.Task`1.GetResultCore(Boolean waitCompletionNotification)
at Storyteller.Core.Model.FixtureLibrary.<CreateForAppDomain>b__2(Task`1 results) in c:\code\storyteller\src\Storyteller.Core\Model\FixtureLibrary.cs:line 60
at System.Threading.Tasks.ContinuationResultTaskFromResultTask`2.InnerInvoke()
at System.Threading.Tasks.Task.Execute()
--TargetInvocationException
at System.RuntimeTypeHandle.CreateInstance(RuntimeType type, Boolean publicOnly, Boolean noCheck, Boolean& canBeCached, RuntimeMethodHandleInternal& ctor, Boolean& bNeedSecurityCheck)
at System.RuntimeType.CreateInstanceSlow(Boolean publicOnly, Boolean skipCheckThis, Boolean fillCache, StackCrawlMark& stackMark)
at System.RuntimeType.CreateInstanceDefaultCtor(Boolean publicOnly, Boolean skipCheckThis, Boolean fillCache, StackCrawlMark& stackMark)
at System.Activator.CreateInstance(Type type, Boolean nonPublic)
at System.Activator.CreateInstance(Type type)
at Storyteller.Core.Model.FixtureLibrary.CreateCompiledFixture(CellHandling cellHandling, Type type) in c:\code\storyteller\src\Storyteller.Core\Model\FixtureLibrary.cs:line 74
at Storyteller.Core.Model.FixtureLibrary.<>c__DisplayClass5.<>c__DisplayClass7.<CreateForAppDomain>b__1() in c:\code\storyteller\src\Storyteller.Core\Model\FixtureLibrary.cs:line 52
at System.Threading.Tasks.Task`1.InnerInvoke()
at System.Threading.Tasks.Task.Execute()
--NotImplementedException
at StoryTeller.DSL.ObjectConstructionExpression`1.SetProperty(Expression`1 expression) in c:\code\storyteller\src\Storyteller.Core\DSL\ObjectConstructionExpression.cs:line 47
at Storyteller.Core.Testing.Samples.Fixtures.SetsFixture.<.ctor>b__4(ObjectConstructionExpression`1 x) in c:\code\storyteller\src\Storyteller.Core.Testing\Samples\Fixtures\SetsFixture.cs:line 84
at Storyteller.Core.Fixture.CreateObject[T](String title, Action`1 action) in c:\code\storyteller\src\Storyteller.Core\Fixture.cs:line 331
at Storyteller.Core.Fixture.CreateNewObject[T](Action`1 action) in c:\code\storyteller\src\Storyteller.Core\Fixture.cs:line 347
at Storyteller.Core.Testing.Samples.Fixtures.SetsFixture..ctor() in c:\code\storyteller\src\Storyteller.Core.Testing\Samples\Fixtures\SetsFixture.cs:line 81
]]></stack-trace>
                                </failure>
                              </test-case>
                              <test-case name="Storyteller.Core.Testing.Grammars.Tables.TableGrammar_specs.running_from_ext_method_with_before_and_after" executed="True" result="Error" success="False" time="0.003" asserts="0">
                                <failure>
                                  <message><![CDATA[System.AggregateException : One or more errors occurred.
  ----> System.AggregateException : One or more errors occurred.
  ----> System.Reflection.TargetInvocationException : Exception has been thrown by the target of an invocation.
  ----> System.NotImplementedException : The method or operation is not implemented.]]></message>
                                  <stack-trace><![CDATA[at System.Threading.Tasks.Task.Wait(Int32 millisecondsTimeout, CancellationToken cancellationToken)
at System.Threading.Tasks.Task.Wait()
at Storyteller.Core.Testing.TestingContext.get_Library() in c:\code\storyteller\src\Storyteller.Core.Testing\TestingContext.cs:line 16
at Storyteller.Core.Testing.SpecRunningContext.execute(String text) in c:\code\storyteller\src\Storyteller.Core.Testing\SpecRunningContext.cs:line 36
at Storyteller.Core.Testing.Grammars.Tables.TableGrammar_specs.running_from_ext_method_with_before_and_after() in c:\code\storyteller\src\Storyteller.Core.Testing\Grammars\Tables\TableGrammar_specs.cs:line 32
--AggregateException
at System.Threading.Tasks.Task`1.GetResultCore(Boolean waitCompletionNotification)
at Storyteller.Core.Model.FixtureLibrary.<CreateForAppDomain>b__2(Task`1 results) in c:\code\storyteller\src\Storyteller.Core\Model\FixtureLibrary.cs:line 60
at System.Threading.Tasks.ContinuationResultTaskFromResultTask`2.InnerInvoke()
at System.Threading.Tasks.Task.Execute()
--TargetInvocationException
at System.RuntimeTypeHandle.CreateInstance(RuntimeType type, Boolean publicOnly, Boolean noCheck, Boolean& canBeCached, RuntimeMethodHandleInternal& ctor, Boolean& bNeedSecurityCheck)
at System.RuntimeType.CreateInstanceSlow(Boolean publicOnly, Boolean skipCheckThis, Boolean fillCache, StackCrawlMark& stackMark)
at System.RuntimeType.CreateInstanceDefaultCtor(Boolean publicOnly, Boolean skipCheckThis, Boolean fillCache, StackCrawlMark& stackMark)
at System.Activator.CreateInstance(Type type, Boolean nonPublic)
at System.Activator.CreateInstance(Type type)
at Storyteller.Core.Model.FixtureLibrary.CreateCompiledFixture(CellHandling cellHandling, Type type) in c:\code\storyteller\src\Storyteller.Core\Model\FixtureLibrary.cs:line 74
at Storyteller.Core.Model.FixtureLibrary.<>c__DisplayClass5.<>c__DisplayClass7.<CreateForAppDomain>b__1() in c:\code\storyteller\src\Storyteller.Core\Model\FixtureLibrary.cs:line 52
at System.Threading.Tasks.Task`1.InnerInvoke()
at System.Threading.Tasks.Task.Execute()
--NotImplementedException
at StoryTeller.DSL.ObjectConstructionExpression`1.SetProperty(Expression`1 expression) in c:\code\storyteller\src\Storyteller.Core\DSL\ObjectConstructionExpression.cs:line 47
at Storyteller.Core.Testing.Samples.Fixtures.SetsFixture.<.ctor>b__4(ObjectConstructionExpression`1 x) in c:\code\storyteller\src\Storyteller.Core.Testing\Samples\Fixtures\SetsFixture.cs:line 84
at Storyteller.Core.Fixture.CreateObject[T](String title, Action`1 action) in c:\code\storyteller\src\Storyteller.Core\Fixture.cs:line 331
at Storyteller.Core.Fixture.CreateNewObject[T](Action`1 action) in c:\code\storyteller\src\Storyteller.Core\Fixture.cs:line 347
at Storyteller.Core.Testing.Samples.Fixtures.SetsFixture..ctor() in c:\code\storyteller\src\Storyteller.Core.Testing\Samples\Fixtures\SetsFixture.cs:line 81
]]></stack-trace>
                                </failure>
                              </test-case>
                              <test-case name="Storyteller.Core.Testing.Grammars.Tables.TableGrammar_specs.running_from_ext_method_with_no_before_or_after" executed="True" result="Error" success="False" time="0.001" asserts="0">
                                <failure>
                                  <message><![CDATA[System.AggregateException : One or more errors occurred.
  ----> System.AggregateException : One or more errors occurred.
  ----> System.Reflection.TargetInvocationException : Exception has been thrown by the target of an invocation.
  ----> System.NotImplementedException : The method or operation is not implemented.]]></message>
                                  <stack-trace><![CDATA[at System.Threading.Tasks.Task.Wait(Int32 millisecondsTimeout, CancellationToken cancellationToken)
at System.Threading.Tasks.Task.Wait()
at Storyteller.Core.Testing.TestingContext.get_Library() in c:\code\storyteller\src\Storyteller.Core.Testing\TestingContext.cs:line 16
at Storyteller.Core.Testing.SpecRunningContext.execute(String text) in c:\code\storyteller\src\Storyteller.Core.Testing\SpecRunningContext.cs:line 36
at Storyteller.Core.Testing.Grammars.Tables.TableGrammar_specs.running_from_ext_method_with_no_before_or_after() in c:\code\storyteller\src\Storyteller.Core.Testing\Grammars\Tables\TableGrammar_specs.cs:line 15
--AggregateException
at System.Threading.Tasks.Task`1.GetResultCore(Boolean waitCompletionNotification)
at Storyteller.Core.Model.FixtureLibrary.<CreateForAppDomain>b__2(Task`1 results) in c:\code\storyteller\src\Storyteller.Core\Model\FixtureLibrary.cs:line 60
at System.Threading.Tasks.ContinuationResultTaskFromResultTask`2.InnerInvoke()
at System.Threading.Tasks.Task.Execute()
--TargetInvocationException
at System.RuntimeTypeHandle.CreateInstance(RuntimeType type, Boolean publicOnly, Boolean noCheck, Boolean& canBeCached, RuntimeMethodHandleInternal& ctor, Boolean& bNeedSecurityCheck)
at System.RuntimeType.CreateInstanceSlow(Boolean publicOnly, Boolean skipCheckThis, Boolean fillCache, StackCrawlMark& stackMark)
at System.RuntimeType.CreateInstanceDefaultCtor(Boolean publicOnly, Boolean skipCheckThis, Boolean fillCache, StackCrawlMark& stackMark)
at System.Activator.CreateInstance(Type type, Boolean nonPublic)
at System.Activator.CreateInstance(Type type)
at Storyteller.Core.Model.FixtureLibrary.CreateCompiledFixture(CellHandling cellHandling, Type type) in c:\code\storyteller\src\Storyteller.Core\Model\FixtureLibrary.cs:line 74
at Storyteller.Core.Model.FixtureLibrary.<>c__DisplayClass5.<>c__DisplayClass7.<CreateForAppDomain>b__1() in c:\code\storyteller\src\Storyteller.Core\Model\FixtureLibrary.cs:line 52
at System.Threading.Tasks.Task`1.InnerInvoke()
at System.Threading.Tasks.Task.Execute()
--NotImplementedException
at StoryTeller.DSL.ObjectConstructionExpression`1.SetProperty(Expression`1 expression) in c:\code\storyteller\src\Storyteller.Core\DSL\ObjectConstructionExpression.cs:line 47
at Storyteller.Core.Testing.Samples.Fixtures.SetsFixture.<.ctor>b__4(ObjectConstructionExpression`1 x) in c:\code\storyteller\src\Storyteller.Core.Testing\Samples\Fixtures\SetsFixture.cs:line 84
at Storyteller.Core.Fixture.CreateObject[T](String title, Action`1 action) in c:\code\storyteller\src\Storyteller.Core\Fixture.cs:line 331
at Storyteller.Core.Fixture.CreateNewObject[T](Action`1 action) in c:\code\storyteller\src\Storyteller.Core\Fixture.cs:line 347
at Storyteller.Core.Testing.Samples.Fixtures.SetsFixture..ctor() in c:\code\storyteller\src\Storyteller.Core.Testing\Samples\Fixtures\SetsFixture.cs:line 81
]]></stack-trace>
                                </failure>
                              </test-case>
                            </results>
                          </test-suite>
                        </results>
                      </test-suite>
                    </results>
                  </test-suite>
                  <test-suite type="Namespace" name="Model" executed="True" result="Failure" success="False" time="0.270" asserts="0">
                    <results>
                      <test-suite type="TestFixture" name="CellTester" executed="True" result="Success" success="True" time="0.250" asserts="0">
                        <results>
                          <test-case name="Storyteller.Core.Testing.Model.CellTester.can_serialize_cell" executed="True" result="Success" success="True" time="0.235" asserts="1" />
                          <test-case name="Storyteller.Core.Testing.Model.CellTester.create_with_basic_converter_and_convert_happy_path" executed="True" result="Success" success="True" time="0.001" asserts="1" />
                          <test-case name="Storyteller.Core.Testing.Model.CellTester.create_with_basic_converter_and_convert_with_errors" executed="True" result="Success" success="True" time="0.001" asserts="4" />
                          <test-case name="Storyteller.Core.Testing.Model.CellTester.create_with_no_converter" executed="True" result="Success" success="True" time="0.001" asserts="5" />
                          <test-case name="Storyteller.Core.Testing.Model.CellTester.happy_check_for_a_simple_equals_match" executed="True" result="Success" success="True" time="0.000" asserts="1" />
                          <test-case name="Storyteller.Core.Testing.Model.CellTester.matches_array_" executed="True" result="Success" success="True" time="0.001" asserts="2" />
                          <test-case name="Storyteller.Core.Testing.Model.CellTester.matches_simply" executed="True" result="Success" success="True" time="0.000" asserts="2" />
                          <test-case name="Storyteller.Core.Testing.Model.CellTester.sad_path_check_for_a_simple_equals_match" executed="True" result="Success" success="True" time="0.001" asserts="1" />
                        </results>
                      </test-suite>
                      <test-suite type="TestFixture" name="ErrorGrammarTester" executed="True" result="Failure" success="False" time="0.008" asserts="0">
                        <results>
                          <test-case name="Storyteller.Core.Testing.Model.ErrorGrammarTester.compile_just_returns_itself" executed="True" result="Success" success="True" time="0.001" asserts="1" />
                          <test-case name="Storyteller.Core.Testing.Model.ErrorGrammarTester.create_an_error_grammar_adds_error_to_itself" executed="True" result="Success" success="True" time="0.001" asserts="1" />
                          <test-case name="Storyteller.Core.Testing.Model.ErrorGrammarTester.create_plan_returns_an_invalid_grammar_step" executed="True" result="Error" success="False" time="0.002" asserts="0">
                            <failure>
                              <message><![CDATA[System.AggregateException : One or more errors occurred.
  ----> System.AggregateException : One or more errors occurred.
  ----> System.Reflection.TargetInvocationException : Exception has been thrown by the target of an invocation.
  ----> System.NotImplementedException : The method or operation is not implemented.]]></message>
                              <stack-trace><![CDATA[at System.Threading.Tasks.Task.Wait(Int32 millisecondsTimeout, CancellationToken cancellationToken)
at System.Threading.Tasks.Task.Wait()
at Storyteller.Core.Testing.TestingContext.get_Library() in c:\code\storyteller\src\Storyteller.Core.Testing\TestingContext.cs:line 16
at Storyteller.Core.Testing.Model.ErrorGrammarTester.create_plan_returns_an_invalid_grammar_step() in c:\code\storyteller\src\Storyteller.Core.Testing\Model\ErrorGrammarTester.cs:line 35
--AggregateException
at System.Threading.Tasks.Task`1.GetResultCore(Boolean waitCompletionNotification)
at Storyteller.Core.Model.FixtureLibrary.<CreateForAppDomain>b__2(Task`1 results) in c:\code\storyteller\src\Storyteller.Core\Model\FixtureLibrary.cs:line 60
at System.Threading.Tasks.ContinuationResultTaskFromResultTask`2.InnerInvoke()
at System.Threading.Tasks.Task.Execute()
--TargetInvocationException
at System.RuntimeTypeHandle.CreateInstance(RuntimeType type, Boolean publicOnly, Boolean noCheck, Boolean& canBeCached, RuntimeMethodHandleInternal& ctor, Boolean& bNeedSecurityCheck)
at System.RuntimeType.CreateInstanceSlow(Boolean publicOnly, Boolean skipCheckThis, Boolean fillCache, StackCrawlMark& stackMark)
at System.RuntimeType.CreateInstanceDefaultCtor(Boolean publicOnly, Boolean skipCheckThis, Boolean fillCache, StackCrawlMark& stackMark)
at System.Activator.CreateInstance(Type type, Boolean nonPublic)
at System.Activator.CreateInstance(Type type)
at Storyteller.Core.Model.FixtureLibrary.CreateCompiledFixture(CellHandling cellHandling, Type type) in c:\code\storyteller\src\Storyteller.Core\Model\FixtureLibrary.cs:line 74
at Storyteller.Core.Model.FixtureLibrary.<>c__DisplayClass5.<>c__DisplayClass7.<CreateForAppDomain>b__1() in c:\code\storyteller\src\Storyteller.Core\Model\FixtureLibrary.cs:line 52
at System.Threading.Tasks.Task`1.InnerInvoke()
at System.Threading.Tasks.Task.Execute()
--NotImplementedException
at StoryTeller.DSL.ObjectConstructionExpression`1.SetProperty(Expression`1 expression) in c:\code\storyteller\src\Storyteller.Core\DSL\ObjectConstructionExpression.cs:line 47
at Storyteller.Core.Testing.Samples.Fixtures.SetsFixture.<.ctor>b__4(ObjectConstructionExpression`1 x) in c:\code\storyteller\src\Storyteller.Core.Testing\Samples\Fixtures\SetsFixture.cs:line 84
at Storyteller.Core.Fixture.CreateObject[T](String title, Action`1 action) in c:\code\storyteller\src\Storyteller.Core\Fixture.cs:line 331
at Storyteller.Core.Fixture.CreateNewObject[T](Action`1 action) in c:\code\storyteller\src\Storyteller.Core\Fixture.cs:line 347
at Storyteller.Core.Testing.Samples.Fixtures.SetsFixture..ctor() in c:\code\storyteller\src\Storyteller.Core.Testing\Samples\Fixtures\SetsFixture.cs:line 81
]]></stack-trace>
                            </failure>
                          </test-case>
                        </results>
                      </test-suite>
                      <test-suite type="TestFixture" name="MissingGrammarTester" executed="True" result="Failure" success="False" time="0.005" asserts="0">
                        <results>
                          <test-case name="Storyteller.Core.Testing.Model.MissingGrammarTester.compile_just_returns_itself" executed="True" result="Success" success="True" time="0.000" asserts="1" />
                          <test-case name="Storyteller.Core.Testing.Model.MissingGrammarTester.create_an_Missing_grammar_adds_Missing_to_itself" executed="True" result="Success" success="True" time="0.001" asserts="1" />
                          <test-case name="Storyteller.Core.Testing.Model.MissingGrammarTester.create_plan_creates_an_invalid_grammar_step" executed="True" result="Error" success="False" time="0.002" asserts="0">
                            <failure>
                              <message><![CDATA[System.AggregateException : One or more errors occurred.
  ----> System.AggregateException : One or more errors occurred.
  ----> System.Reflection.TargetInvocationException : Exception has been thrown by the target of an invocation.
  ----> System.NotImplementedException : The method or operation is not implemented.]]></message>
                              <stack-trace><![CDATA[at System.Threading.Tasks.Task.Wait(Int32 millisecondsTimeout, CancellationToken cancellationToken)
at System.Threading.Tasks.Task.Wait()
at Storyteller.Core.Testing.TestingContext.get_Library() in c:\code\storyteller\src\Storyteller.Core.Testing\TestingContext.cs:line 16
at Storyteller.Core.Testing.Model.MissingGrammarTester.create_plan_creates_an_invalid_grammar_step() in c:\code\storyteller\src\Storyteller.Core.Testing\Model\MissingGrammarTester.cs:line 27
--AggregateException
at System.Threading.Tasks.Task`1.GetResultCore(Boolean waitCompletionNotification)
at Storyteller.Core.Model.FixtureLibrary.<CreateForAppDomain>b__2(Task`1 results) in c:\code\storyteller\src\Storyteller.Core\Model\FixtureLibrary.cs:line 60
at System.Threading.Tasks.ContinuationResultTaskFromResultTask`2.InnerInvoke()
at System.Threading.Tasks.Task.Execute()
--TargetInvocationException
at System.RuntimeTypeHandle.CreateInstance(RuntimeType type, Boolean publicOnly, Boolean noCheck, Boolean& canBeCached, RuntimeMethodHandleInternal& ctor, Boolean& bNeedSecurityCheck)
at System.RuntimeType.CreateInstanceSlow(Boolean publicOnly, Boolean skipCheckThis, Boolean fillCache, StackCrawlMark& stackMark)
at System.RuntimeType.CreateInstanceDefaultCtor(Boolean publicOnly, Boolean skipCheckThis, Boolean fillCache, StackCrawlMark& stackMark)
at System.Activator.CreateInstance(Type type, Boolean nonPublic)
at System.Activator.CreateInstance(Type type)
at Storyteller.Core.Model.FixtureLibrary.CreateCompiledFixture(CellHandling cellHandling, Type type) in c:\code\storyteller\src\Storyteller.Core\Model\FixtureLibrary.cs:line 74
at Storyteller.Core.Model.FixtureLibrary.<>c__DisplayClass5.<>c__DisplayClass7.<CreateForAppDomain>b__1() in c:\code\storyteller\src\Storyteller.Core\Model\FixtureLibrary.cs:line 52
at System.Threading.Tasks.Task`1.InnerInvoke()
at System.Threading.Tasks.Task.Execute()
--NotImplementedException
at StoryTeller.DSL.ObjectConstructionExpression`1.SetProperty(Expression`1 expression) in c:\code\storyteller\src\Storyteller.Core\DSL\ObjectConstructionExpression.cs:line 47
at Storyteller.Core.Testing.Samples.Fixtures.SetsFixture.<.ctor>b__4(ObjectConstructionExpression`1 x) in c:\code\storyteller\src\Storyteller.Core.Testing\Samples\Fixtures\SetsFixture.cs:line 84
at Storyteller.Core.Fixture.CreateObject[T](String title, Action`1 action) in c:\code\storyteller\src\Storyteller.Core\Fixture.cs:line 331
at Storyteller.Core.Fixture.CreateNewObject[T](Action`1 action) in c:\code\storyteller\src\Storyteller.Core\Fixture.cs:line 347
at Storyteller.Core.Testing.Samples.Fixtures.SetsFixture..ctor() in c:\code\storyteller\src\Storyteller.Core.Testing\Samples\Fixtures\SetsFixture.cs:line 81
]]></stack-trace>
                            </failure>
                          </test-case>
                        </results>
                      </test-suite>
                    </results>
                  </test-suite>
                  <test-suite type="Namespace" name="Persistence" executed="True" result="Success" success="True" time="0.019" asserts="0">
                    <results>
                      <test-suite type="TestFixture" name="TextParserTester" executed="True" result="Success" success="True" time="0.018" asserts="0">
                        <results>
                          <test-case name="Storyteller.Core.Testing.Persistence.TextParserTester.build_a_new_specification_with_name" executed="True" result="Success" success="True" time="0.000" asserts="1" />
                          <test-case name="Storyteller.Core.Testing.Persistence.TextParserTester.read_a_single_section" executed="True" result="Success" success="True" time="0.001" asserts="3" />
                          <test-case name="Storyteller.Core.Testing.Persistence.TextParserTester.read_an_id_in_a_section" executed="True" result="Success" success="True" time="0.001" asserts="3" />
                          <test-case name="Storyteller.Core.Testing.Persistence.TextParserTester.read_collection_of_a_step" executed="True" result="Success" success="True" time="0.002" asserts="7" />
                          <test-case name="Storyteller.Core.Testing.Persistence.TextParserTester.read_multiple_sections" executed="True" result="Success" success="True" time="0.001" asserts="6" />
                          <test-case name="Storyteller.Core.Testing.Persistence.TextParserTester.read_steps_in_a_section_with_an_id" executed="True" result="Success" success="True" time="0.001" asserts="7" />
                          <test-case name="Storyteller.Core.Testing.Persistence.TextParserTester.read_steps_in_a_section_without_an_id" executed="True" result="Success" success="True" time="0.001" asserts="6" />
                        </results>
                      </test-suite>
                    </results>
                  </test-suite>
                  <test-suite type="Namespace" name="Results" executed="True" result="Success" success="True" time="0.021" asserts="0">
                    <results>
                      <test-suite type="TestFixture" name="CellResultTester" executed="True" result="Success" success="True" time="0.008" asserts="0">
                        <results>
                          <test-case name="Storyteller.Core.Testing.Results.CellResultTester.modify_counts_when_in_error_state" executed="True" result="Success" success="True" time="0.000" asserts="1" />
                          <test-case name="Storyteller.Core.Testing.Results.CellResultTester.modify_counts_when_in_failure_state" executed="True" result="Success" success="True" time="0.000" asserts="1" />
                          <test-case name="Storyteller.Core.Testing.Results.CellResultTester.modify_counts_when_in_missing_state" executed="True" result="Success" success="True" time="0.000" asserts="1" />
                          <test-case name="Storyteller.Core.Testing.Results.CellResultTester.modify_counts_when_in_success_state" executed="True" result="Success" success="True" time="0.000" asserts="1" />
                          <test-case name="Storyteller.Core.Testing.Results.CellResultTester.modify_counts_when_ok" executed="True" result="Success" success="True" time="0.001" asserts="1" />
                        </results>
                      </test-suite>
                      <test-suite type="TestFixture" name="EnvelopeTester" executed="True" result="Success" success="True" time="0.005" asserts="0">
                        <results>
                          <test-case name="Storyteller.Core.Testing.Results.EnvelopeTester.create_envelope_from_message" executed="True" result="Success" success="True" time="0.001" asserts="1" />
                          <test-case name="Storyteller.Core.Testing.Results.EnvelopeTester.derive_topic_name" executed="True" result="Success" success="True" time="0.000" asserts="1" />
                        </results>
                      </test-suite>
                      <test-suite type="TestFixture" name="StepResultTester" executed="True" result="Success" success="True" time="0.005" asserts="0">
                        <results>
                          <test-case name="Storyteller.Core.Testing.Results.StepResultTester.default_position_is_null" executed="True" result="Success" success="True" time="0.001" asserts="1" />
                          <test-case name="Storyteller.Core.Testing.Results.StepResultTester.modify_increments" executed="True" result="Success" success="True" time="0.000" asserts="4" />
                          <test-case name="Storyteller.Core.Testing.Results.StepResultTester.modify_increments_with_cell_results" executed="True" result="Success" success="True" time="0.000" asserts="1" />
                        </results>
                      </test-suite>
                    </results>
                  </test-suite>
                  <test-suite type="TestFixture" name="SpecContextTester" executed="True" result="Success" success="True" time="0.004" asserts="0">
                    <results>
                      <test-case name="Storyteller.Core.Testing.SpecContextTester.log_exception_does_the_counts" executed="True" result="Success" success="True" time="0.001" asserts="1" />
                      <test-case name="Storyteller.Core.Testing.SpecContextTester.log_exception_logs_a_result" executed="True" result="Success" success="True" time="0.000" asserts="5" />
                    </results>
                  </test-suite>
                  <test-suite type="TestFixture" name="StateTester" executed="True" result="Success" success="True" time="0.009" asserts="0">
                    <results>
                      <test-case name="Storyteller.Core.Testing.StateTester.store_and_retrieve_by_type" executed="True" result="Success" success="True" time="0.002" asserts="2" />
                      <test-case name="Storyteller.Core.Testing.StateTester.store_and_retrieve_by_type_and_key" executed="True" result="Success" success="True" time="0.002" asserts="4" />
                    </results>
                  </test-suite>
                  <test-suite type="TestFixture" name="when_testing_for_should_continue" executed="True" result="Success" success="True" time="0.014" asserts="0">
                    <results>
                      <test-case name="Storyteller.Core.Testing.when_testing_for_should_continue.do_not_stop_on_normal_exceptions_if_the_type_is_not_critical" executed="True" result="Success" success="True" time="0.001" asserts="1" />
                      <test-case name="Storyteller.Core.Testing.when_testing_for_should_continue.just_starting_with_default_options" executed="True" result="Success" success="True" time="0.001" asserts="1" />
                      <test-case name="Storyteller.Core.Testing.when_testing_for_should_continue.stop_on_the_first_exception_if_condition_is_to_do_that" executed="True" result="Success" success="True" time="0.000" asserts="1" />
                      <test-case name="Storyteller.Core.Testing.when_testing_for_should_continue.stop_on_the_first_wrong_when_stop_conditions_say_so" executed="True" result="Success" success="True" time="0.001" asserts="2" />
                      <test-case name="Storyteller.Core.Testing.when_testing_for_should_continue.stops_when_the_cancellation_token_has_been_cancelled" executed="True" result="Success" success="True" time="0.001" asserts="1" />
                      <test-case name="Storyteller.Core.Testing.when_testing_for_should_continue.stops_with_a_catastropic_exception_even_if_there_is_no_other_failure" executed="True" result="Success" success="True" time="0.000" asserts="1" />
                      <test-case name="Storyteller.Core.Testing.when_testing_for_should_continue.stops_with_a_critical_exception_even_if_there_is_no_other_failure" executed="True" result="Success" success="True" time="0.000" asserts="1" />
                      <test-case name="Storyteller.Core.Testing.when_testing_for_should_continue.will_not_stop_on_wrong_if_stop_conditions_are_the_defaults" executed="True" result="Success" success="True" time="0.000" asserts="1" />
                    </results>
                  </test-suite>
                </results>
              </test-suite>
            </results>
          </test-suite>
        </results>
      </test-suite>
    </results>
  </test-suite>
</test-results>